{"/home/aditya.mane/Desktop/test/base-sdk/src/client/http-client.ts": {"path":"/home/aditya.mane/Desktop/test/base-sdk/src/client/http-client.ts","statementMap":{"0":{"start":{"line":1,"column":0},"end":{"line":1,"column":65}},"1":{"start":{"line":2,"column":0},"end":{"line":2,"column":45}},"2":{"start":{"line":6,"column":2},"end":{"line":8,"column":3}},"3":{"start":{"line":7,"column":4},"end":{"line":7,"column":77}},"4":{"start":{"line":9,"column":2},"end":{"line":11,"column":3}},"5":{"start":{"line":10,"column":4},"end":{"line":10,"column":43}},"6":{"start":{"line":12,"column":2},"end":{"line":12,"column":70}},"7":{"start":{"line":5,"column":0},"end":{"line":5,"column":16}},"8":{"start":{"line":16,"column":30},"end":{"line":16,"column":39}},"9":{"start":{"line":17,"column":30},"end":{"line":17,"column":39}},"10":{"start":{"line":24,"column":4},"end":{"line":24,"column":12}},"11":{"start":{"line":25,"column":4},"end":{"line":25,"column":25}},"12":{"start":{"line":26,"column":4},"end":{"line":26,"column":45}},"13":{"start":{"line":27,"column":4},"end":{"line":27,"column":29}},"14":{"start":{"line":31,"column":19},"end":{"line":31,"column":49}},"15":{"start":{"line":32,"column":20},"end":{"line":34,"column":53}},"16":{"start":{"line":36,"column":4},"end":{"line":39,"column":6}},"17":{"start":{"line":43,"column":4},"end":{"line":50,"column":7}},"18":{"start":{"line":55,"column":4},"end":{"line":75,"column":6}},"19":{"start":{"line":58,"column":8},"end":{"line":66,"column":9}},"20":{"start":{"line":59,"column":10},"end":{"line":65,"column":11}},"21":{"start":{"line":60,"column":12},"end":{"line":60,"column":78}},"22":{"start":{"line":61,"column":17},"end":{"line":65,"column":11}},"23":{"start":{"line":62,"column":12},"end":{"line":62,"column":165}},"24":{"start":{"line":63,"column":32},"end":{"line":63,"column":107}},"25":{"start":{"line":64,"column":12},"end":{"line":64,"column":66}},"26":{"start":{"line":68,"column":8},"end":{"line":68,"column":37}},"27":{"start":{"line":69,"column":8},"end":{"line":69,"column":22}},"28":{"start":{"line":72,"column":8},"end":{"line":72,"column":42}},"29":{"start":{"line":73,"column":8},"end":{"line":73,"column":37}},"30":{"start":{"line":78,"column":4},"end":{"line":93,"column":6}},"31":{"start":{"line":80,"column":8},"end":{"line":80,"column":40}},"32":{"start":{"line":81,"column":8},"end":{"line":81,"column":24}},"33":{"start":{"line":84,"column":8},"end":{"line":84,"column":43}},"34":{"start":{"line":87,"column":8},"end":{"line":89,"column":9}},"35":{"start":{"line":88,"column":10},"end":{"line":88,"column":42}},"36":{"start":{"line":91,"column":8},"end":{"line":91,"column":38}},"37":{"start":{"line":97,"column":30},"end":{"line":97,"column":60}},"38":{"start":{"line":98,"column":4},"end":{"line":98,"column":79}},"39":{"start":{"line":102,"column":23},"end":{"line":102,"column":59}},"40":{"start":{"line":103,"column":23},"end":{"line":103,"column":62}},"41":{"start":{"line":105,"column":23},"end":{"line":105,"column":53}},"42":{"start":{"line":107,"column":4},"end":{"line":109,"column":5}},"43":{"start":{"line":108,"column":6},"end":{"line":108,"column":36}},"44":{"start":{"line":111,"column":4},"end":{"line":111,"column":47}},"45":{"start":{"line":113,"column":4},"end":{"line":113,"column":92}},"46":{"start":{"line":113,"column":33},"end":{"line":113,"column":90}},"47":{"start":{"line":115,"column":4},"end":{"line":115,"column":45}},"48":{"start":{"line":119,"column":4},"end":{"line":126,"column":5}},"49":{"start":{"line":120,"column":24},"end":{"line":120,"column":49}},"50":{"start":{"line":121,"column":26},"end":{"line":121,"column":69}},"51":{"start":{"line":122,"column":7},"end":{"line":122,"column":49}},"52":{"start":{"line":123,"column":7},"end":{"line":123,"column":55}},"53":{"start":{"line":124,"column":7},"end":{"line":124,"column":58}},"54":{"start":{"line":125,"column":6},"end":{"line":125,"column":25}},"55":{"start":{"line":128,"column":4},"end":{"line":128,"column":17}},"56":{"start":{"line":132,"column":21},"end":{"line":132,"column":55}},"57":{"start":{"line":133,"column":4},"end":{"line":133,"column":25}},"58":{"start":{"line":137,"column":21},"end":{"line":137,"column":62}},"59":{"start":{"line":138,"column":4},"end":{"line":138,"column":25}},"60":{"start":{"line":142,"column":21},"end":{"line":142,"column":61}},"61":{"start":{"line":143,"column":4},"end":{"line":143,"column":25}},"62":{"start":{"line":147,"column":21},"end":{"line":147,"column":63}},"63":{"start":{"line":148,"column":4},"end":{"line":148,"column":25}},"64":{"start":{"line":152,"column":21},"end":{"line":152,"column":58}},"65":{"start":{"line":153,"column":4},"end":{"line":153,"column":25}},"66":{"start":{"line":157,"column":4},"end":{"line":157,"column":51}},"67":{"start":{"line":158,"column":4},"end":{"line":158,"column":45}},"68":{"start":{"line":159,"column":4},"end":{"line":159,"column":29}},"69":{"start":{"line":163,"column":4},"end":{"line":165,"column":7}},"70":{"start":{"line":169,"column":4},"end":{"line":174,"column":7}},"71":{"start":{"line":178,"column":4},"end":{"line":180,"column":7}},"72":{"start":{"line":184,"column":4},"end":{"line":184,"column":40}},"73":{"start":{"line":19,"column":0},"end":{"line":19,"column":13}}},"fnMap":{"0":{"name":"encodeToBase64","decl":{"start":{"line":5,"column":16},"end":{"line":5,"column":30}},"loc":{"start":{"line":5,"column":44},"end":{"line":13,"column":1}}},"1":{"name":"(anonymous_2)","decl":{"start":{"line":23,"column":2},"end":{"line":23,"column":14}},"loc":{"start":{"line":23,"column":34},"end":{"line":28,"column":3}}},"2":{"name":"(anonymous_3)","decl":{"start":{"line":30,"column":10},"end":{"line":30,"column":25}},"loc":{"start":{"line":30,"column":49},"end":{"line":40,"column":3}}},"3":{"name":"(anonymous_4)","decl":{"start":{"line":42,"column":10},"end":{"line":42,"column":29}},"loc":{"start":{"line":42,"column":29},"end":{"line":51,"column":3}}},"4":{"name":"(anonymous_5)","decl":{"start":{"line":53,"column":10},"end":{"line":53,"column":27}},"loc":{"start":{"line":53,"column":27},"end":{"line":94,"column":3}}},"5":{"name":"(anonymous_6)","decl":{"start":{"line":56,"column":6},"end":{"line":56,"column":7}},"loc":{"start":{"line":56,"column":17},"end":{"line":70,"column":7}}},"6":{"name":"(anonymous_7)","decl":{"start":{"line":71,"column":6},"end":{"line":71,"column":7}},"loc":{"start":{"line":71,"column":16},"end":{"line":74,"column":7}}},"7":{"name":"(anonymous_8)","decl":{"start":{"line":79,"column":6},"end":{"line":79,"column":7}},"loc":{"start":{"line":79,"column":19},"end":{"line":82,"column":7}}},"8":{"name":"(anonymous_9)","decl":{"start":{"line":83,"column":6},"end":{"line":83,"column":11}},"loc":{"start":{"line":83,"column":22},"end":{"line":92,"column":7}}},"9":{"name":"(anonymous_10)","decl":{"start":{"line":96,"column":10},"end":{"line":96,"column":21}},"loc":{"start":{"line":96,"column":32},"end":{"line":99,"column":3}}},"10":{"name":"(anonymous_11)","decl":{"start":{"line":101,"column":10},"end":{"line":101,"column":15}},"loc":{"start":{"line":101,"column":39},"end":{"line":116,"column":3}}},"11":{"name":"(anonymous_12)","decl":{"start":{"line":113,"column":22},"end":{"line":113,"column":29}},"loc":{"start":{"line":113,"column":33},"end":{"line":113,"column":90}}},"12":{"name":"(anonymous_13)","decl":{"start":{"line":118,"column":10},"end":{"line":118,"column":21}},"loc":{"start":{"line":118,"column":32},"end":{"line":129,"column":3}}},"13":{"name":"(anonymous_14)","decl":{"start":{"line":131,"column":2},"end":{"line":131,"column":7}},"loc":{"start":{"line":131,"column":61},"end":{"line":134,"column":3}}},"14":{"name":"(anonymous_15)","decl":{"start":{"line":136,"column":2},"end":{"line":136,"column":7}},"loc":{"start":{"line":136,"column":74},"end":{"line":139,"column":3}}},"15":{"name":"(anonymous_16)","decl":{"start":{"line":141,"column":2},"end":{"line":141,"column":7}},"loc":{"start":{"line":141,"column":73},"end":{"line":144,"column":3}}},"16":{"name":"(anonymous_17)","decl":{"start":{"line":146,"column":2},"end":{"line":146,"column":7}},"loc":{"start":{"line":146,"column":75},"end":{"line":149,"column":3}}},"17":{"name":"(anonymous_18)","decl":{"start":{"line":151,"column":2},"end":{"line":151,"column":7}},"loc":{"start":{"line":151,"column":64},"end":{"line":154,"column":3}}},"18":{"name":"(anonymous_19)","decl":{"start":{"line":156,"column":2},"end":{"line":156,"column":14}},"loc":{"start":{"line":156,"column":47},"end":{"line":160,"column":3}}},"19":{"name":"(anonymous_20)","decl":{"start":{"line":162,"column":2},"end":{"line":162,"column":14}},"loc":{"start":{"line":162,"column":28},"end":{"line":166,"column":3}}},"20":{"name":"(anonymous_21)","decl":{"start":{"line":168,"column":2},"end":{"line":168,"column":12}},"loc":{"start":{"line":168,"column":44},"end":{"line":175,"column":3}}},"21":{"name":"(anonymous_22)","decl":{"start":{"line":177,"column":2},"end":{"line":177,"column":11}},"loc":{"start":{"line":177,"column":11},"end":{"line":181,"column":3}}},"22":{"name":"(anonymous_23)","decl":{"start":{"line":183,"column":2},"end":{"line":183,"column":17}},"loc":{"start":{"line":183,"column":41},"end":{"line":185,"column":3}}}},"branchMap":{"0":{"loc":{"start":{"line":6,"column":2},"end":{"line":8,"column":3}},"type":"if","locations":[{"start":{"line":6,"column":2},"end":{"line":8,"column":3}}]},"1":{"loc":{"start":{"line":9,"column":2},"end":{"line":11,"column":3}},"type":"if","locations":[{"start":{"line":9,"column":2},"end":{"line":11,"column":3}}]},"2":{"loc":{"start":{"line":30,"column":26},"end":{"line":30,"column":49}},"type":"default-arg","locations":[{"start":{"line":30,"column":44},"end":{"line":30,"column":49}}]},"3":{"loc":{"start":{"line":31,"column":19},"end":{"line":31,"column":49}},"type":"binary-expr","locations":[{"start":{"line":31,"column":19},"end":{"line":31,"column":43}},{"start":{"line":31,"column":47},"end":{"line":31,"column":49}}]},"4":{"loc":{"start":{"line":32,"column":20},"end":{"line":34,"column":53}},"type":"cond-expr","locations":[{"start":{"line":33,"column":9},"end":{"line":33,"column":52}},{"start":{"line":34,"column":9},"end":{"line":34,"column":52}}]},"5":{"loc":{"start":{"line":33,"column":9},"end":{"line":33,"column":52}},"type":"binary-expr","locations":[{"start":{"line":33,"column":9},"end":{"line":33,"column":27}},{"start":{"line":33,"column":31},"end":{"line":33,"column":52}}]},"6":{"loc":{"start":{"line":34,"column":9},"end":{"line":34,"column":52}},"type":"binary-expr","locations":[{"start":{"line":34,"column":9},"end":{"line":34,"column":27}},{"start":{"line":34,"column":31},"end":{"line":34,"column":52}}]},"7":{"loc":{"start":{"line":45,"column":15},"end":{"line":45,"column":43}},"type":"binary-expr","locations":[{"start":{"line":45,"column":15},"end":{"line":45,"column":34}},{"start":{"line":45,"column":38},"end":{"line":45,"column":43}}]},"8":{"loc":{"start":{"line":58,"column":8},"end":{"line":66,"column":9}},"type":"if","locations":[{"start":{"line":58,"column":8},"end":{"line":66,"column":9}}]},"9":{"loc":{"start":{"line":59,"column":10},"end":{"line":65,"column":11}},"type":"if","locations":[{"start":{"line":59,"column":10},"end":{"line":65,"column":11}},{"start":{"line":61,"column":17},"end":{"line":65,"column":11}}]},"10":{"loc":{"start":{"line":59,"column":14},"end":{"line":59,"column":74}},"type":"binary-expr","locations":[{"start":{"line":59,"column":14},"end":{"line":59,"column":48}},{"start":{"line":59,"column":52},"end":{"line":59,"column":74}}]},"11":{"loc":{"start":{"line":61,"column":17},"end":{"line":65,"column":11}},"type":"if","locations":[{"start":{"line":61,"column":17},"end":{"line":65,"column":11}}]},"12":{"loc":{"start":{"line":61,"column":21},"end":{"line":61,"column":112}},"type":"binary-expr","locations":[{"start":{"line":61,"column":21},"end":{"line":61,"column":54}},{"start":{"line":61,"column":58},"end":{"line":61,"column":83}},{"start":{"line":61,"column":87},"end":{"line":61,"column":112}}]},"13":{"loc":{"start":{"line":87,"column":8},"end":{"line":89,"column":9}},"type":"if","locations":[{"start":{"line":87,"column":8},"end":{"line":89,"column":9}}]},"14":{"loc":{"start":{"line":87,"column":12},"end":{"line":87,"column":67}},"type":"binary-expr","locations":[{"start":{"line":87,"column":12},"end":{"line":87,"column":40}},{"start":{"line":87,"column":44},"end":{"line":87,"column":67}}]},"15":{"loc":{"start":{"line":87,"column":12},"end":{"line":87,"column":40}},"type":"cond-expr","locations":[{"start":{"line":87,"column":31},"end":{"line":87,"column":33}},{"start":{"line":87,"column":31},"end":{"line":87,"column":40}}]},"16":{"loc":{"start":{"line":87,"column":12},"end":{"line":87,"column":33}},"type":"binary-expr","locations":[{"start":{"line":87,"column":12},"end":{"line":87,"column":33}},{"start":{"line":87,"column":31},"end":{"line":87,"column":33}}]},"17":{"loc":{"start":{"line":98,"column":11},"end":{"line":98,"column":78}},"type":"binary-expr","locations":[{"start":{"line":98,"column":11},"end":{"line":98,"column":25}},{"start":{"line":98,"column":29},"end":{"line":98,"column":78}}]},"18":{"loc":{"start":{"line":102,"column":23},"end":{"line":102,"column":59}},"type":"binary-expr","locations":[{"start":{"line":102,"column":23},"end":{"line":102,"column":54}},{"start":{"line":102,"column":58},"end":{"line":102,"column":59}}]},"19":{"loc":{"start":{"line":102,"column":23},"end":{"line":102,"column":54}},"type":"cond-expr","locations":[{"start":{"line":102,"column":42},"end":{"line":102,"column":44}},{"start":{"line":102,"column":42},"end":{"line":102,"column":54}}]},"20":{"loc":{"start":{"line":102,"column":23},"end":{"line":102,"column":44}},"type":"binary-expr","locations":[{"start":{"line":102,"column":23},"end":{"line":102,"column":44}},{"start":{"line":102,"column":42},"end":{"line":102,"column":44}}]},"21":{"loc":{"start":{"line":103,"column":23},"end":{"line":103,"column":62}},"type":"binary-expr","locations":[{"start":{"line":103,"column":23},"end":{"line":103,"column":54}},{"start":{"line":103,"column":58},"end":{"line":103,"column":62}}]},"22":{"loc":{"start":{"line":103,"column":23},"end":{"line":103,"column":54}},"type":"cond-expr","locations":[{"start":{"line":103,"column":42},"end":{"line":103,"column":44}},{"start":{"line":103,"column":42},"end":{"line":103,"column":54}}]},"23":{"loc":{"start":{"line":103,"column":23},"end":{"line":103,"column":44}},"type":"binary-expr","locations":[{"start":{"line":103,"column":23},"end":{"line":103,"column":44}},{"start":{"line":103,"column":42},"end":{"line":103,"column":44}}]},"24":{"loc":{"start":{"line":105,"column":23},"end":{"line":105,"column":53}},"type":"binary-expr","locations":[{"start":{"line":105,"column":23},"end":{"line":105,"column":48}},{"start":{"line":105,"column":52},"end":{"line":105,"column":53}}]},"25":{"loc":{"start":{"line":107,"column":4},"end":{"line":109,"column":5}},"type":"if","locations":[{"start":{"line":107,"column":4},"end":{"line":109,"column":5}}]},"26":{"loc":{"start":{"line":119,"column":4},"end":{"line":126,"column":5}},"type":"if","locations":[{"start":{"line":119,"column":4},"end":{"line":126,"column":5}}]},"27":{"loc":{"start":{"line":119,"column":8},"end":{"line":119,"column":35}},"type":"cond-expr","locations":[{"start":{"line":119,"column":28},"end":{"line":119,"column":30}},{"start":{"line":119,"column":28},"end":{"line":119,"column":35}}]},"28":{"loc":{"start":{"line":119,"column":8},"end":{"line":119,"column":30}},"type":"binary-expr","locations":[{"start":{"line":119,"column":8},"end":{"line":119,"column":30}},{"start":{"line":119,"column":28},"end":{"line":119,"column":30}}]},"29":{"loc":{"start":{"line":119,"column":8},"end":{"line":119,"column":28}},"type":"cond-expr","locations":[{"start":{"line":119,"column":22},"end":{"line":119,"column":24}},{"start":{"line":119,"column":22},"end":{"line":119,"column":28}}]},"30":{"loc":{"start":{"line":119,"column":8},"end":{"line":119,"column":24}},"type":"binary-expr","locations":[{"start":{"line":119,"column":8},"end":{"line":119,"column":24}},{"start":{"line":119,"column":22},"end":{"line":119,"column":24}}]},"31":{"loc":{"start":{"line":121,"column":36},"end":{"line":121,"column":68}},"type":"binary-expr","locations":[{"start":{"line":121,"column":36},"end":{"line":121,"column":53}},{"start":{"line":121,"column":57},"end":{"line":121,"column":68}}]},"32":{"loc":{"start":{"line":183,"column":18},"end":{"line":183,"column":41}},"type":"default-arg","locations":[{"start":{"line":183,"column":36},"end":{"line":183,"column":41}}]}},"s":{"0":3,"1":3,"2":1,"3":1,"4":0,"5":0,"6":0,"7":3,"8":3,"9":3,"10":28,"11":28,"12":28,"13":28,"14":3,"15":3,"16":3,"17":32,"18":32,"19":1,"20":1,"21":0,"22":1,"23":1,"24":1,"25":1,"26":1,"27":1,"28":1,"29":1,"30":32,"31":0,"32":0,"33":1,"34":1,"35":0,"36":1,"37":2,"38":2,"39":5,"40":5,"41":5,"42":5,"43":2,"44":3,"45":3,"46":3,"47":3,"48":5,"49":2,"50":2,"51":2,"52":2,"53":2,"54":2,"55":3,"56":1,"57":1,"58":1,"59":1,"60":1,"61":1,"62":1,"63":1,"64":1,"65":1,"66":4,"67":4,"68":4,"69":1,"70":1,"71":1,"72":3,"73":3},"f":{"0":1,"1":28,"2":3,"3":32,"4":32,"5":1,"6":1,"7":0,"8":1,"9":2,"10":5,"11":3,"12":5,"13":1,"14":1,"15":1,"16":1,"17":1,"18":4,"19":1,"20":1,"21":1,"22":3},"b":{"0":[1],"1":[0],"2":[0],"3":[3,1],"4":[1,2],"5":[1,0],"6":[2,1],"7":[32,1],"8":[1],"9":[0,1],"10":[1,0],"11":[1],"12":[1,1,1],"13":[0],"14":[1,0],"15":[0,1],"16":[1,1],"17":[2,2],"18":[5,0],"19":[0,5],"20":[5,5],"21":[5,0],"22":[0,5],"23":[5,5],"24":[5,3],"25":[2],"26":[2],"27":[2,3],"28":[5,5],"29":[1,4],"30":[5,5],"31":[2,0],"32":[0]}}
,"/home/aditya.mane/Desktop/test/base-sdk/src/services/asset-service.ts": {"path":"/home/aditya.mane/Desktop/test/base-sdk/src/services/asset-service.ts","statementMap":{"0":{"start":{"line":3,"column":0},"end":{"line":3,"column":52}},"1":{"start":{"line":6,"column":31},"end":{"line":6,"column":47}},"2":{"start":{"line":18,"column":21},"end":{"line":18,"column":37}},"3":{"start":{"line":19,"column":4},"end":{"line":21,"column":7}},"4":{"start":{"line":20,"column":6},"end":{"line":20,"column":37}},"5":{"start":{"line":22,"column":4},"end":{"line":24,"column":5}},"6":{"start":{"line":23,"column":6},"end":{"line":23,"column":50}},"7":{"start":{"line":25,"column":4},"end":{"line":27,"column":5}},"8":{"start":{"line":26,"column":6},"end":{"line":26,"column":52}},"9":{"start":{"line":29,"column":25},"end":{"line":29,"column":56}},"10":{"start":{"line":30,"column":24},"end":{"line":35,"column":6}},"11":{"start":{"line":36,"column":4},"end":{"line":38,"column":5}},"12":{"start":{"line":37,"column":6},"end":{"line":37,"column":38}},"13":{"start":{"line":39,"column":4},"end":{"line":39,"column":61}},"14":{"start":{"line":51,"column":21},"end":{"line":51,"column":37}},"15":{"start":{"line":52,"column":4},"end":{"line":52,"column":34}},"16":{"start":{"line":53,"column":4},"end":{"line":55,"column":5}},"17":{"start":{"line":54,"column":6},"end":{"line":54,"column":52}},"18":{"start":{"line":57,"column":25},"end":{"line":57,"column":57}},"19":{"start":{"line":58,"column":24},"end":{"line":63,"column":6}},"20":{"start":{"line":64,"column":4},"end":{"line":66,"column":5}},"21":{"start":{"line":65,"column":6},"end":{"line":65,"column":38}},"22":{"start":{"line":67,"column":4},"end":{"line":67,"column":67}},"23":{"start":{"line":75,"column":4},"end":{"line":75,"column":49}},"24":{"start":{"line":83,"column":4},"end":{"line":83,"column":51}},"25":{"start":{"line":91,"column":4},"end":{"line":91,"column":44}},"26":{"start":{"line":99,"column":21},"end":{"line":99,"column":35}},"27":{"start":{"line":100,"column":4},"end":{"line":104,"column":5}},"28":{"start":{"line":101,"column":6},"end":{"line":103,"column":9}},"29":{"start":{"line":102,"column":8},"end":{"line":102,"column":39}},"30":{"start":{"line":105,"column":24},"end":{"line":111,"column":6}},"31":{"start":{"line":112,"column":4},"end":{"line":114,"column":5}},"32":{"start":{"line":113,"column":6},"end":{"line":113,"column":38}},"33":{"start":{"line":115,"column":4},"end":{"line":115,"column":67}},"34":{"start":{"line":5,"column":0},"end":{"line":5,"column":13}}},"fnMap":{"0":{"name":"(anonymous_0)","decl":{"start":{"line":6,"column":2},"end":{"line":6,"column":31}},"loc":{"start":{"line":6,"column":47},"end":{"line":6,"column":52}}},"1":{"name":"(anonymous_1)","decl":{"start":{"line":12,"column":2},"end":{"line":12,"column":8}},"loc":{"start":{"line":16,"column":50},"end":{"line":40,"column":3}}},"2":{"name":"(anonymous_2)","decl":{"start":{"line":19,"column":18},"end":{"line":19,"column":19}},"loc":{"start":{"line":19,"column":27},"end":{"line":21,"column":5}}},"3":{"name":"(anonymous_3)","decl":{"start":{"line":46,"column":2},"end":{"line":46,"column":13}},"loc":{"start":{"line":49,"column":50},"end":{"line":68,"column":3}}},"4":{"name":"(anonymous_4)","decl":{"start":{"line":74,"column":2},"end":{"line":74,"column":9}},"loc":{"start":{"line":74,"column":37},"end":{"line":76,"column":3}}},"5":{"name":"(anonymous_5)","decl":{"start":{"line":82,"column":2},"end":{"line":82,"column":12}},"loc":{"start":{"line":82,"column":50},"end":{"line":84,"column":3}}},"6":{"name":"(anonymous_6)","decl":{"start":{"line":90,"column":2},"end":{"line":90,"column":12}},"loc":{"start":{"line":90,"column":23},"end":{"line":92,"column":3}}},"7":{"name":"(anonymous_7)","decl":{"start":{"line":95,"column":2},"end":{"line":95,"column":10}},"loc":{"start":{"line":97,"column":50},"end":{"line":116,"column":3}}},"8":{"name":"(anonymous_8)","decl":{"start":{"line":101,"column":27},"end":{"line":101,"column":28}},"loc":{"start":{"line":101,"column":36},"end":{"line":103,"column":7}}}},"branchMap":{"0":{"loc":{"start":{"line":22,"column":4},"end":{"line":24,"column":5}},"type":"if","locations":[{"start":{"line":22,"column":4},"end":{"line":24,"column":5}}]},"1":{"loc":{"start":{"line":25,"column":4},"end":{"line":27,"column":5}},"type":"if","locations":[{"start":{"line":25,"column":4},"end":{"line":27,"column":5}}]},"2":{"loc":{"start":{"line":25,"column":8},"end":{"line":25,"column":31}},"type":"binary-expr","locations":[{"start":{"line":25,"column":8},"end":{"line":25,"column":12}},{"start":{"line":25,"column":16},"end":{"line":25,"column":31}}]},"3":{"loc":{"start":{"line":36,"column":4},"end":{"line":38,"column":5}},"type":"if","locations":[{"start":{"line":36,"column":4},"end":{"line":38,"column":5}}]},"4":{"loc":{"start":{"line":53,"column":4},"end":{"line":55,"column":5}},"type":"if","locations":[{"start":{"line":53,"column":4},"end":{"line":55,"column":5}}]},"5":{"loc":{"start":{"line":64,"column":4},"end":{"line":66,"column":5}},"type":"if","locations":[{"start":{"line":64,"column":4},"end":{"line":66,"column":5}}]},"6":{"loc":{"start":{"line":100,"column":4},"end":{"line":104,"column":5}},"type":"if","locations":[{"start":{"line":100,"column":4},"end":{"line":104,"column":5}}]},"7":{"loc":{"start":{"line":112,"column":4},"end":{"line":114,"column":5}},"type":"if","locations":[{"start":{"line":112,"column":4},"end":{"line":114,"column":5}}]}},"s":{"0":3,"1":41,"2":3,"3":3,"4":4,"5":3,"6":1,"7":3,"8":1,"9":3,"10":3,"11":3,"12":1,"13":3,"14":3,"15":3,"16":3,"17":2,"18":3,"19":3,"20":3,"21":1,"22":3,"23":3,"24":2,"25":2,"26":0,"27":0,"28":0,"29":0,"30":0,"31":0,"32":0,"33":0,"34":3},"f":{"0":41,"1":3,"2":4,"3":3,"4":3,"5":2,"6":2,"7":0,"8":0},"b":{"0":[1],"1":[1],"2":[3,1],"3":[1],"4":[2],"5":[1],"6":[0],"7":[0]}}
,"/home/aditya.mane/Desktop/test/base-sdk/src/services/auth-service.ts": {"path":"/home/aditya.mane/Desktop/test/base-sdk/src/services/auth-service.ts","statementMap":{"0":{"start":{"line":5,"column":31},"end":{"line":5,"column":47}},"1":{"start":{"line":12,"column":4},"end":{"line":12,"column":49}},"2":{"start":{"line":20,"column":4},"end":{"line":20,"column":54}},"3":{"start":{"line":28,"column":4},"end":{"line":28,"column":54}},"4":{"start":{"line":36,"column":4},"end":{"line":36,"column":59}},"5":{"start":{"line":44,"column":4},"end":{"line":44,"column":58}},"6":{"start":{"line":52,"column":4},"end":{"line":52,"column":58}},"7":{"start":{"line":60,"column":4},"end":{"line":60,"column":56}},"8":{"start":{"line":68,"column":4},"end":{"line":68,"column":50}},"9":{"start":{"line":76,"column":4},"end":{"line":76,"column":52}},"10":{"start":{"line":84,"column":4},"end":{"line":84,"column":58}},"11":{"start":{"line":92,"column":4},"end":{"line":92,"column":51}},"12":{"start":{"line":100,"column":4},"end":{"line":100,"column":52}},"13":{"start":{"line":4,"column":0},"end":{"line":4,"column":13}}},"fnMap":{"0":{"name":"(anonymous_0)","decl":{"start":{"line":5,"column":2},"end":{"line":5,"column":31}},"loc":{"start":{"line":5,"column":47},"end":{"line":5,"column":51}}},"1":{"name":"(anonymous_1)","decl":{"start":{"line":11,"column":2},"end":{"line":11,"column":7}},"loc":{"start":{"line":11,"column":33},"end":{"line":13,"column":3}}},"2":{"name":"(anonymous_2)","decl":{"start":{"line":19,"column":2},"end":{"line":19,"column":11}},"loc":{"start":{"line":19,"column":41},"end":{"line":21,"column":3}}},"3":{"name":"(anonymous_3)","decl":{"start":{"line":27,"column":2},"end":{"line":27,"column":11}},"loc":{"start":{"line":27,"column":41},"end":{"line":29,"column":3}}},"4":{"name":"(anonymous_4)","decl":{"start":{"line":35,"column":2},"end":{"line":35,"column":16}},"loc":{"start":{"line":35,"column":51},"end":{"line":37,"column":3}}},"5":{"name":"(anonymous_5)","decl":{"start":{"line":43,"column":2},"end":{"line":43,"column":15}},"loc":{"start":{"line":43,"column":49},"end":{"line":45,"column":3}}},"6":{"name":"(anonymous_6)","decl":{"start":{"line":51,"column":2},"end":{"line":51,"column":15}},"loc":{"start":{"line":51,"column":49},"end":{"line":53,"column":3}}},"7":{"name":"(anonymous_7)","decl":{"start":{"line":59,"column":2},"end":{"line":59,"column":13}},"loc":{"start":{"line":59,"column":45},"end":{"line":61,"column":3}}},"8":{"name":"(anonymous_8)","decl":{"start":{"line":67,"column":2},"end":{"line":67,"column":8}},"loc":{"start":{"line":67,"column":35},"end":{"line":69,"column":3}}},"9":{"name":"(anonymous_9)","decl":{"start":{"line":75,"column":2},"end":{"line":75,"column":25}},"loc":{"start":{"line":75,"column":42},"end":{"line":77,"column":3}}},"10":{"name":"(anonymous_10)","decl":{"start":{"line":83,"column":2},"end":{"line":83,"column":10}},"loc":{"start":{"line":83,"column":30},"end":{"line":85,"column":3}}},"11":{"name":"(anonymous_11)","decl":{"start":{"line":91,"column":2},"end":{"line":91,"column":14}},"loc":{"start":{"line":91,"column":47},"end":{"line":93,"column":3}}},"12":{"name":"(anonymous_12)","decl":{"start":{"line":99,"column":2},"end":{"line":99,"column":10}},"loc":{"start":{"line":99,"column":39},"end":{"line":101,"column":3}}}},"branchMap":{},"s":{"0":12,"1":1,"2":1,"3":1,"4":1,"5":1,"6":1,"7":1,"8":1,"9":1,"10":1,"11":1,"12":1,"13":2},"f":{"0":12,"1":1,"2":1,"3":1,"4":1,"5":1,"6":1,"7":1,"8":1,"9":1,"10":1,"11":1,"12":1},"b":{}}
,"/home/aditya.mane/Desktop/test/base-sdk/src/services/base-service.ts": {"path":"/home/aditya.mane/Desktop/test/base-sdk/src/services/base-service.ts","statementMap":{"0":{"start":{"line":3,"column":0},"end":{"line":3,"column":52}},"1":{"start":{"line":6,"column":33},"end":{"line":6,"column":49}},"2":{"start":{"line":13,"column":25},"end":{"line":13,"column":41}},"3":{"start":{"line":14,"column":8},"end":{"line":14,"column":47}},"4":{"start":{"line":16,"column":8},"end":{"line":18,"column":9}},"5":{"start":{"line":17,"column":12},"end":{"line":17,"column":63}},"6":{"start":{"line":20,"column":8},"end":{"line":22,"column":9}},"7":{"start":{"line":21,"column":12},"end":{"line":21,"column":65}},"8":{"start":{"line":24,"column":8},"end":{"line":26,"column":9}},"9":{"start":{"line":25,"column":12},"end":{"line":25,"column":51}},"10":{"start":{"line":28,"column":29},"end":{"line":28,"column":61}},"11":{"start":{"line":29,"column":8},"end":{"line":34,"column":11}},"12":{"start":{"line":42,"column":8},"end":{"line":42,"column":44}},"13":{"start":{"line":50,"column":25},"end":{"line":50,"column":41}},"14":{"start":{"line":52,"column":8},"end":{"line":54,"column":9}},"15":{"start":{"line":53,"column":12},"end":{"line":53,"column":51}},"16":{"start":{"line":56,"column":8},"end":{"line":58,"column":9}},"17":{"start":{"line":57,"column":12},"end":{"line":57,"column":63}},"18":{"start":{"line":60,"column":8},"end":{"line":62,"column":9}},"19":{"start":{"line":61,"column":12},"end":{"line":61,"column":49}},"20":{"start":{"line":64,"column":8},"end":{"line":66,"column":9}},"21":{"start":{"line":65,"column":12},"end":{"line":65,"column":53}},"22":{"start":{"line":68,"column":8},"end":{"line":70,"column":9}},"23":{"start":{"line":69,"column":12},"end":{"line":69,"column":61}},"24":{"start":{"line":72,"column":8},"end":{"line":74,"column":9}},"25":{"start":{"line":73,"column":12},"end":{"line":73,"column":51}},"26":{"start":{"line":76,"column":29},"end":{"line":76,"column":61}},"27":{"start":{"line":77,"column":8},"end":{"line":82,"column":11}},"28":{"start":{"line":90,"column":8},"end":{"line":90,"column":47}},"29":{"start":{"line":98,"column":8},"end":{"line":98,"column":51}},"30":{"start":{"line":106,"column":8},"end":{"line":106,"column":39}},"31":{"start":{"line":114,"column":8},"end":{"line":114,"column":52}},"32":{"start":{"line":122,"column":8},"end":{"line":122,"column":63}},"33":{"start":{"line":130,"column":8},"end":{"line":130,"column":70}},"34":{"start":{"line":138,"column":8},"end":{"line":138,"column":60}},"35":{"start":{"line":146,"column":25},"end":{"line":146,"column":41}},"36":{"start":{"line":147,"column":8},"end":{"line":147,"column":44}},"37":{"start":{"line":148,"column":14},"end":{"line":153,"column":11}},"38":{"start":{"line":161,"column":8},"end":{"line":161,"column":53}},"39":{"start":{"line":172,"column":8},"end":{"line":172,"column":64}},"40":{"start":{"line":5,"column":0},"end":{"line":5,"column":13}}},"fnMap":{"0":{"name":"(anonymous_0)","decl":{"start":{"line":6,"column":4},"end":{"line":6,"column":33}},"loc":{"start":{"line":6,"column":49},"end":{"line":6,"column":54}}},"1":{"name":"(anonymous_1)","decl":{"start":{"line":12,"column":4},"end":{"line":12,"column":9}},"loc":{"start":{"line":12,"column":41},"end":{"line":35,"column":5}}},"2":{"name":"(anonymous_2)","decl":{"start":{"line":41,"column":4},"end":{"line":41,"column":11}},"loc":{"start":{"line":41,"column":22},"end":{"line":43,"column":5}}},"3":{"name":"(anonymous_3)","decl":{"start":{"line":49,"column":4},"end":{"line":49,"column":10}},"loc":{"start":{"line":49,"column":47},"end":{"line":83,"column":5}}},"4":{"name":"(anonymous_4)","decl":{"start":{"line":89,"column":4},"end":{"line":89,"column":10}},"loc":{"start":{"line":89,"column":21},"end":{"line":91,"column":5}}},"5":{"name":"(anonymous_5)","decl":{"start":{"line":97,"column":4},"end":{"line":97,"column":21}},"loc":{"start":{"line":97,"column":32},"end":{"line":99,"column":5}}},"6":{"name":"(anonymous_6)","decl":{"start":{"line":105,"column":4},"end":{"line":105,"column":10}},"loc":{"start":{"line":105,"column":10},"end":{"line":107,"column":5}}},"7":{"name":"(anonymous_7)","decl":{"start":{"line":113,"column":4},"end":{"line":113,"column":14}},"loc":{"start":{"line":113,"column":25},"end":{"line":115,"column":5}}},"8":{"name":"(anonymous_8)","decl":{"start":{"line":121,"column":4},"end":{"line":121,"column":23}},"loc":{"start":{"line":121,"column":34},"end":{"line":123,"column":5}}},"9":{"name":"(anonymous_9)","decl":{"start":{"line":129,"column":4},"end":{"line":129,"column":18}},"loc":{"start":{"line":129,"column":70},"end":{"line":131,"column":5}}},"10":{"name":"(anonymous_10)","decl":{"start":{"line":137,"column":4},"end":{"line":137,"column":22}},"loc":{"start":{"line":137,"column":39},"end":{"line":139,"column":5}}},"11":{"name":"(anonymous_11)","decl":{"start":{"line":145,"column":4},"end":{"line":145,"column":15}},"loc":{"start":{"line":145,"column":43},"end":{"line":154,"column":5}}},"12":{"name":"(anonymous_12)","decl":{"start":{"line":160,"column":4},"end":{"line":160,"column":15}},"loc":{"start":{"line":160,"column":26},"end":{"line":162,"column":5}}},"13":{"name":"(anonymous_13)","decl":{"start":{"line":168,"column":4},"end":{"line":168,"column":22}},"loc":{"start":{"line":170,"column":40},"end":{"line":173,"column":5}}}},"branchMap":{"0":{"loc":{"start":{"line":16,"column":8},"end":{"line":18,"column":9}},"type":"if","locations":[{"start":{"line":16,"column":8},"end":{"line":18,"column":9}}]},"1":{"loc":{"start":{"line":20,"column":8},"end":{"line":22,"column":9}},"type":"if","locations":[{"start":{"line":20,"column":8},"end":{"line":22,"column":9}}]},"2":{"loc":{"start":{"line":24,"column":8},"end":{"line":26,"column":9}},"type":"if","locations":[{"start":{"line":24,"column":8},"end":{"line":26,"column":9}}]},"3":{"loc":{"start":{"line":52,"column":8},"end":{"line":54,"column":9}},"type":"if","locations":[{"start":{"line":52,"column":8},"end":{"line":54,"column":9}}]},"4":{"loc":{"start":{"line":56,"column":8},"end":{"line":58,"column":9}},"type":"if","locations":[{"start":{"line":56,"column":8},"end":{"line":58,"column":9}}]},"5":{"loc":{"start":{"line":60,"column":8},"end":{"line":62,"column":9}},"type":"if","locations":[{"start":{"line":60,"column":8},"end":{"line":62,"column":9}}]},"6":{"loc":{"start":{"line":64,"column":8},"end":{"line":66,"column":9}},"type":"if","locations":[{"start":{"line":64,"column":8},"end":{"line":66,"column":9}}]},"7":{"loc":{"start":{"line":68,"column":8},"end":{"line":70,"column":9}},"type":"if","locations":[{"start":{"line":68,"column":8},"end":{"line":70,"column":9}}]},"8":{"loc":{"start":{"line":72,"column":8},"end":{"line":74,"column":9}},"type":"if","locations":[{"start":{"line":72,"column":8},"end":{"line":74,"column":9}}]}},"s":{"0":2,"1":15,"2":2,"3":2,"4":2,"5":1,"6":2,"7":1,"8":2,"9":1,"10":2,"11":2,"12":1,"13":2,"14":2,"15":2,"16":2,"17":1,"18":2,"19":1,"20":2,"21":1,"22":2,"23":1,"24":2,"25":1,"26":2,"27":2,"28":1,"29":1,"30":1,"31":1,"32":1,"33":1,"34":1,"35":1,"36":1,"37":1,"38":1,"39":1,"40":2},"f":{"0":15,"1":2,"2":1,"3":2,"4":1,"5":1,"6":1,"7":1,"8":1,"9":1,"10":1,"11":1,"12":1,"13":1},"b":{"0":[1],"1":[1],"2":[1],"3":[2],"4":[1],"5":[1],"6":[1],"7":[1],"8":[1]}}
,"/home/aditya.mane/Desktop/test/base-sdk/src/services/column-service.ts": {"path":"/home/aditya.mane/Desktop/test/base-sdk/src/services/column-service.ts","statementMap":{"0":{"start":{"line":5,"column":33},"end":{"line":5,"column":49}},"1":{"start":{"line":12,"column":8},"end":{"line":12,"column":53}},"2":{"start":{"line":20,"column":8},"end":{"line":20,"column":56}},"3":{"start":{"line":28,"column":8},"end":{"line":28,"column":46}},"4":{"start":{"line":36,"column":8},"end":{"line":36,"column":41}},"5":{"start":{"line":44,"column":8},"end":{"line":44,"column":56}},"6":{"start":{"line":52,"column":8},"end":{"line":52,"column":49}},"7":{"start":{"line":60,"column":8},"end":{"line":60,"column":57}},"8":{"start":{"line":4,"column":0},"end":{"line":4,"column":13}}},"fnMap":{"0":{"name":"(anonymous_0)","decl":{"start":{"line":5,"column":4},"end":{"line":5,"column":33}},"loc":{"start":{"line":5,"column":49},"end":{"line":5,"column":54}}},"1":{"name":"(anonymous_1)","decl":{"start":{"line":11,"column":4},"end":{"line":11,"column":23}},"loc":{"start":{"line":11,"column":34},"end":{"line":13,"column":5}}},"2":{"name":"(anonymous_2)","decl":{"start":{"line":19,"column":4},"end":{"line":19,"column":10}},"loc":{"start":{"line":19,"column":34},"end":{"line":21,"column":5}}},"3":{"name":"(anonymous_3)","decl":{"start":{"line":27,"column":4},"end":{"line":27,"column":11}},"loc":{"start":{"line":27,"column":22},"end":{"line":29,"column":5}}},"4":{"name":"(anonymous_4)","decl":{"start":{"line":35,"column":4},"end":{"line":35,"column":10}},"loc":{"start":{"line":35,"column":10},"end":{"line":37,"column":5}}},"5":{"name":"(anonymous_5)","decl":{"start":{"line":43,"column":4},"end":{"line":43,"column":10}},"loc":{"start":{"line":43,"column":49},"end":{"line":45,"column":5}}},"6":{"name":"(anonymous_6)","decl":{"start":{"line":51,"column":4},"end":{"line":51,"column":10}},"loc":{"start":{"line":51,"column":21},"end":{"line":53,"column":5}}},"7":{"name":"(anonymous_7)","decl":{"start":{"line":59,"column":4},"end":{"line":59,"column":11}},"loc":{"start":{"line":59,"column":39},"end":{"line":61,"column":5}}}},"branchMap":{},"s":{"0":39,"1":2,"2":2,"3":2,"4":2,"5":2,"6":2,"7":2,"8":3},"f":{"0":39,"1":2,"2":2,"3":2,"4":2,"5":2,"6":2,"7":2},"b":{}}
,"/home/aditya.mane/Desktop/test/base-sdk/src/services/organization-service.ts": {"path":"/home/aditya.mane/Desktop/test/base-sdk/src/services/organization-service.ts","statementMap":{"0":{"start":{"line":5,"column":31},"end":{"line":5,"column":47}},"1":{"start":{"line":12,"column":4},"end":{"line":12,"column":76}},"2":{"start":{"line":20,"column":4},"end":{"line":20,"column":76}},"3":{"start":{"line":28,"column":4},"end":{"line":31,"column":6}},"4":{"start":{"line":4,"column":0},"end":{"line":4,"column":13}}},"fnMap":{"0":{"name":"(anonymous_0)","decl":{"start":{"line":5,"column":2},"end":{"line":5,"column":31}},"loc":{"start":{"line":5,"column":47},"end":{"line":5,"column":51}}},"1":{"name":"(anonymous_1)","decl":{"start":{"line":11,"column":2},"end":{"line":11,"column":8}},"loc":{"start":{"line":11,"column":8},"end":{"line":13,"column":3}}},"2":{"name":"(anonymous_2)","decl":{"start":{"line":19,"column":2},"end":{"line":19,"column":9}},"loc":{"start":{"line":19,"column":20},"end":{"line":21,"column":3}}},"3":{"name":"(anonymous_3)","decl":{"start":{"line":27,"column":2},"end":{"line":27,"column":8}},"loc":{"start":{"line":27,"column":60},"end":{"line":32,"column":3}}}},"branchMap":{},"s":{"0":3,"1":1,"2":1,"3":1,"4":2},"f":{"0":3,"1":1,"2":1,"3":1},"b":{}}
,"/home/aditya.mane/Desktop/test/base-sdk/src/services/row-service.ts": {"path":"/home/aditya.mane/Desktop/test/base-sdk/src/services/row-service.ts","statementMap":{"0":{"start":{"line":3,"column":0},"end":{"line":3,"column":52}},"1":{"start":{"line":6,"column":33},"end":{"line":6,"column":49}},"2":{"start":{"line":13,"column":21},"end":{"line":13,"column":39}},"3":{"start":{"line":14,"column":26},"end":{"line":14,"column":50}},"4":{"start":{"line":15,"column":8},"end":{"line":15,"column":89}},"5":{"start":{"line":23,"column":8},"end":{"line":23,"column":53}},"6":{"start":{"line":31,"column":8},"end":{"line":31,"column":53}},"7":{"start":{"line":39,"column":8},"end":{"line":39,"column":58}},"8":{"start":{"line":47,"column":8},"end":{"line":47,"column":58}},"9":{"start":{"line":55,"column":8},"end":{"line":55,"column":60}},"10":{"start":{"line":66,"column":25},"end":{"line":66,"column":41}},"11":{"start":{"line":67,"column":8},"end":{"line":67,"column":64}},"12":{"start":{"line":68,"column":8},"end":{"line":68,"column":66}},"13":{"start":{"line":69,"column":8},"end":{"line":69,"column":60}},"14":{"start":{"line":70,"column":8},"end":{"line":74,"column":9}},"15":{"start":{"line":71,"column":12},"end":{"line":73,"column":15}},"16":{"start":{"line":72,"column":16},"end":{"line":72,"column":47}},"17":{"start":{"line":76,"column":29},"end":{"line":76,"column":60}},"18":{"start":{"line":77,"column":28},"end":{"line":82,"column":10}},"19":{"start":{"line":83,"column":8},"end":{"line":85,"column":9}},"20":{"start":{"line":84,"column":12},"end":{"line":84,"column":44}},"21":{"start":{"line":86,"column":8},"end":{"line":86,"column":71}},"22":{"start":{"line":94,"column":8},"end":{"line":94,"column":64}},"23":{"start":{"line":5,"column":0},"end":{"line":5,"column":13}}},"fnMap":{"0":{"name":"(anonymous_0)","decl":{"start":{"line":6,"column":4},"end":{"line":6,"column":33}},"loc":{"start":{"line":6,"column":49},"end":{"line":6,"column":54}}},"1":{"name":"(anonymous_1)","decl":{"start":{"line":12,"column":4},"end":{"line":12,"column":17}},"loc":{"start":{"line":12,"column":77},"end":{"line":16,"column":5}}},"2":{"name":"(anonymous_2)","decl":{"start":{"line":22,"column":4},"end":{"line":22,"column":10}},"loc":{"start":{"line":22,"column":34},"end":{"line":24,"column":5}}},"3":{"name":"(anonymous_3)","decl":{"start":{"line":30,"column":4},"end":{"line":30,"column":10}},"loc":{"start":{"line":30,"column":34},"end":{"line":32,"column":5}}},"4":{"name":"(anonymous_4)","decl":{"start":{"line":38,"column":4},"end":{"line":38,"column":14}},"loc":{"start":{"line":38,"column":42},"end":{"line":40,"column":5}}},"5":{"name":"(anonymous_5)","decl":{"start":{"line":46,"column":4},"end":{"line":46,"column":14}},"loc":{"start":{"line":46,"column":42},"end":{"line":48,"column":5}}},"6":{"name":"(anonymous_6)","decl":{"start":{"line":54,"column":4},"end":{"line":54,"column":18}},"loc":{"start":{"line":54,"column":51},"end":{"line":56,"column":5}}},"7":{"name":"(anonymous_7)","decl":{"start":{"line":62,"column":4},"end":{"line":62,"column":17}},"loc":{"start":{"line":64,"column":54},"end":{"line":87,"column":5}}},"8":{"name":"(anonymous_8)","decl":{"start":{"line":71,"column":33},"end":{"line":71,"column":34}},"loc":{"start":{"line":71,"column":42},"end":{"line":73,"column":13}}},"9":{"name":"(anonymous_9)","decl":{"start":{"line":93,"column":4},"end":{"line":93,"column":20}},"loc":{"start":{"line":93,"column":52},"end":{"line":95,"column":5}}}},"branchMap":{"0":{"loc":{"start":{"line":13,"column":21},"end":{"line":13,"column":39}},"type":"cond-expr","locations":[{"start":{"line":13,"column":34},"end":{"line":13,"column":38}},{"start":{"line":13,"column":38},"end":{"line":13,"column":39}}]},"1":{"loc":{"start":{"line":13,"column":21},"end":{"line":13,"column":38}},"type":"binary-expr","locations":[{"start":{"line":13,"column":21},"end":{"line":13,"column":38}},{"start":{"line":13,"column":34},"end":{"line":13,"column":38}}]},"2":{"loc":{"start":{"line":13,"column":21},"end":{"line":13,"column":34}},"type":"cond-expr","locations":[{"start":{"line":13,"column":28},"end":{"line":13,"column":30}},{"start":{"line":13,"column":21},"end":{"line":13,"column":34}}]},"3":{"loc":{"start":{"line":13,"column":21},"end":{"line":13,"column":30}},"type":"binary-expr","locations":[{"start":{"line":13,"column":21},"end":{"line":13,"column":30}},{"start":{"line":13,"column":21},"end":{"line":13,"column":30}}]},"4":{"loc":{"start":{"line":14,"column":26},"end":{"line":14,"column":50}},"type":"cond-expr","locations":[{"start":{"line":14,"column":44},"end":{"line":14,"column":48}},{"start":{"line":14,"column":48},"end":{"line":14,"column":50}}]},"5":{"loc":{"start":{"line":14,"column":26},"end":{"line":14,"column":48}},"type":"binary-expr","locations":[{"start":{"line":14,"column":26},"end":{"line":14,"column":48}},{"start":{"line":14,"column":44},"end":{"line":14,"column":48}}]},"6":{"loc":{"start":{"line":14,"column":26},"end":{"line":14,"column":44}},"type":"cond-expr","locations":[{"start":{"line":14,"column":33},"end":{"line":14,"column":35}},{"start":{"line":14,"column":26},"end":{"line":14,"column":44}}]},"7":{"loc":{"start":{"line":14,"column":26},"end":{"line":14,"column":35}},"type":"binary-expr","locations":[{"start":{"line":14,"column":26},"end":{"line":14,"column":35}},{"start":{"line":14,"column":26},"end":{"line":14,"column":35}}]},"8":{"loc":{"start":{"line":70,"column":8},"end":{"line":74,"column":9}},"type":"if","locations":[{"start":{"line":70,"column":8},"end":{"line":74,"column":9}}]},"9":{"loc":{"start":{"line":83,"column":8},"end":{"line":85,"column":9}},"type":"if","locations":[{"start":{"line":83,"column":8},"end":{"line":85,"column":9}}]}},"s":{"0":3,"1":42,"2":3,"3":3,"4":3,"5":2,"6":2,"7":2,"8":2,"9":2,"10":3,"11":3,"12":3,"13":3,"14":3,"15":3,"16":2,"17":3,"18":3,"19":3,"20":1,"21":3,"22":2,"23":3},"f":{"0":42,"1":3,"2":2,"3":2,"4":2,"5":2,"6":2,"7":3,"8":2,"9":2},"b":{"0":[1,2],"1":[3,3],"2":[2,1],"3":[3,3],"4":[1,2],"5":[3,3],"6":[2,1],"7":[3,3],"8":[3],"9":[1]}}
,"/home/aditya.mane/Desktop/test/base-sdk/src/services/table-service.ts": {"path":"/home/aditya.mane/Desktop/test/base-sdk/src/services/table-service.ts","statementMap":{"0":{"start":{"line":4,"column":0},"end":{"line":4,"column":49}},"1":{"start":{"line":5,"column":0},"end":{"line":5,"column":43}},"2":{"start":{"line":6,"column":0},"end":{"line":6,"column":45}},"3":{"start":{"line":7,"column":0},"end":{"line":7,"column":47}},"4":{"start":{"line":8,"column":0},"end":{"line":8,"column":52}},"5":{"start":{"line":16,"column":33},"end":{"line":16,"column":49}},"6":{"start":{"line":18,"column":8},"end":{"line":18,"column":53}},"7":{"start":{"line":19,"column":8},"end":{"line":19,"column":47}},"8":{"start":{"line":20,"column":8},"end":{"line":20,"column":49}},"9":{"start":{"line":21,"column":8},"end":{"line":21,"column":51}},"10":{"start":{"line":31,"column":8},"end":{"line":31,"column":55}},"11":{"start":{"line":39,"column":8},"end":{"line":43,"column":9}},"12":{"start":{"line":40,"column":25},"end":{"line":40,"column":42}},"13":{"start":{"line":41,"column":30},"end":{"line":41,"column":53}},"14":{"start":{"line":42,"column":12},"end":{"line":42,"column":85}},"15":{"start":{"line":44,"column":8},"end":{"line":44,"column":45}},"16":{"start":{"line":52,"column":8},"end":{"line":52,"column":40}},"17":{"start":{"line":60,"column":8},"end":{"line":60,"column":55}},"18":{"start":{"line":68,"column":8},"end":{"line":68,"column":48}},"19":{"start":{"line":79,"column":25},"end":{"line":79,"column":41}},"20":{"start":{"line":80,"column":8},"end":{"line":82,"column":9}},"21":{"start":{"line":81,"column":12},"end":{"line":81,"column":55}},"22":{"start":{"line":83,"column":8},"end":{"line":83,"column":61}},"23":{"start":{"line":84,"column":8},"end":{"line":84,"column":47}},"24":{"start":{"line":85,"column":8},"end":{"line":85,"column":59}},"25":{"start":{"line":86,"column":8},"end":{"line":86,"column":70}},"26":{"start":{"line":87,"column":8},"end":{"line":89,"column":9}},"27":{"start":{"line":88,"column":12},"end":{"line":88,"column":49}},"28":{"start":{"line":91,"column":29},"end":{"line":91,"column":60}},"29":{"start":{"line":92,"column":28},"end":{"line":97,"column":10}},"30":{"start":{"line":98,"column":8},"end":{"line":100,"column":9}},"31":{"start":{"line":99,"column":12},"end":{"line":99,"column":44}},"32":{"start":{"line":101,"column":8},"end":{"line":101,"column":65}},"33":{"start":{"line":112,"column":8},"end":{"line":112,"column":58}},"34":{"start":{"line":120,"column":8},"end":{"line":120,"column":49}},"35":{"start":{"line":128,"column":8},"end":{"line":128,"column":46}},"36":{"start":{"line":136,"column":8},"end":{"line":136,"column":43}},"37":{"start":{"line":144,"column":8},"end":{"line":144,"column":53}},"38":{"start":{"line":152,"column":8},"end":{"line":152,"column":45}},"39":{"start":{"line":160,"column":8},"end":{"line":160,"column":50}},"40":{"start":{"line":171,"column":8},"end":{"line":171,"column":58}},"41":{"start":{"line":179,"column":8},"end":{"line":179,"column":46}},"42":{"start":{"line":187,"column":8},"end":{"line":187,"column":46}},"43":{"start":{"line":195,"column":8},"end":{"line":195,"column":50}},"44":{"start":{"line":203,"column":8},"end":{"line":203,"column":50}},"45":{"start":{"line":211,"column":8},"end":{"line":211,"column":54}},"46":{"start":{"line":222,"column":8},"end":{"line":222,"column":60}},"47":{"start":{"line":230,"column":8},"end":{"line":230,"column":56}},"48":{"start":{"line":241,"column":8},"end":{"line":241,"column":54}},"49":{"start":{"line":249,"column":8},"end":{"line":249,"column":47}},"50":{"start":{"line":257,"column":8},"end":{"line":257,"column":44}},"51":{"start":{"line":265,"column":8},"end":{"line":265,"column":41}},"52":{"start":{"line":273,"column":8},"end":{"line":273,"column":51}},"53":{"start":{"line":281,"column":8},"end":{"line":281,"column":43}},"54":{"start":{"line":294,"column":54},"end":{"line":296,"column":20}},"55":{"start":{"line":297,"column":8},"end":{"line":297,"column":54}},"56":{"start":{"line":305,"column":8},"end":{"line":305,"column":56}},"57":{"start":{"line":313,"column":8},"end":{"line":313,"column":48}},"58":{"start":{"line":10,"column":0},"end":{"line":10,"column":13}}},"fnMap":{"0":{"name":"(anonymous_0)","decl":{"start":{"line":16,"column":4},"end":{"line":16,"column":33}},"loc":{"start":{"line":16,"column":49},"end":{"line":22,"column":5}}},"1":{"name":"(anonymous_1)","decl":{"start":{"line":30,"column":4},"end":{"line":30,"column":10}},"loc":{"start":{"line":30,"column":36},"end":{"line":32,"column":5}}},"2":{"name":"(anonymous_2)","decl":{"start":{"line":38,"column":4},"end":{"line":38,"column":11}},"loc":{"start":{"line":38,"column":71},"end":{"line":45,"column":5}}},"3":{"name":"(anonymous_3)","decl":{"start":{"line":51,"column":4},"end":{"line":51,"column":10}},"loc":{"start":{"line":51,"column":10},"end":{"line":53,"column":5}}},"4":{"name":"(anonymous_4)","decl":{"start":{"line":59,"column":4},"end":{"line":59,"column":10}},"loc":{"start":{"line":59,"column":48},"end":{"line":61,"column":5}}},"5":{"name":"(anonymous_5)","decl":{"start":{"line":67,"column":4},"end":{"line":67,"column":10}},"loc":{"start":{"line":67,"column":21},"end":{"line":69,"column":5}}},"6":{"name":"(anonymous_6)","decl":{"start":{"line":75,"column":4},"end":{"line":75,"column":10}},"loc":{"start":{"line":77,"column":54},"end":{"line":102,"column":5}}},"7":{"name":"(anonymous_7)","decl":{"start":{"line":111,"column":4},"end":{"line":111,"column":23}},"loc":{"start":{"line":111,"column":34},"end":{"line":113,"column":5}}},"8":{"name":"(anonymous_8)","decl":{"start":{"line":119,"column":4},"end":{"line":119,"column":13}},"loc":{"start":{"line":119,"column":37},"end":{"line":121,"column":5}}},"9":{"name":"(anonymous_9)","decl":{"start":{"line":127,"column":4},"end":{"line":127,"column":17}},"loc":{"start":{"line":127,"column":28},"end":{"line":129,"column":5}}},"10":{"name":"(anonymous_10)","decl":{"start":{"line":135,"column":4},"end":{"line":135,"column":17}},"loc":{"start":{"line":135,"column":17},"end":{"line":137,"column":5}}},"11":{"name":"(anonymous_11)","decl":{"start":{"line":143,"column":4},"end":{"line":143,"column":16}},"loc":{"start":{"line":143,"column":55},"end":{"line":145,"column":5}}},"12":{"name":"(anonymous_12)","decl":{"start":{"line":151,"column":4},"end":{"line":151,"column":16}},"loc":{"start":{"line":151,"column":27},"end":{"line":153,"column":5}}},"13":{"name":"(anonymous_13)","decl":{"start":{"line":159,"column":4},"end":{"line":159,"column":17}},"loc":{"start":{"line":159,"column":45},"end":{"line":161,"column":5}}},"14":{"name":"(anonymous_14)","decl":{"start":{"line":170,"column":4},"end":{"line":170,"column":17}},"loc":{"start":{"line":170,"column":77},"end":{"line":172,"column":5}}},"15":{"name":"(anonymous_15)","decl":{"start":{"line":178,"column":4},"end":{"line":178,"column":13}},"loc":{"start":{"line":178,"column":37},"end":{"line":180,"column":5}}},"16":{"name":"(anonymous_16)","decl":{"start":{"line":186,"column":4},"end":{"line":186,"column":13}},"loc":{"start":{"line":186,"column":37},"end":{"line":188,"column":5}}},"17":{"name":"(anonymous_17)","decl":{"start":{"line":194,"column":4},"end":{"line":194,"column":17}},"loc":{"start":{"line":194,"column":45},"end":{"line":196,"column":5}}},"18":{"name":"(anonymous_18)","decl":{"start":{"line":202,"column":4},"end":{"line":202,"column":17}},"loc":{"start":{"line":202,"column":45},"end":{"line":204,"column":5}}},"19":{"name":"(anonymous_19)","decl":{"start":{"line":210,"column":4},"end":{"line":210,"column":22}},"loc":{"start":{"line":210,"column":55},"end":{"line":212,"column":5}}},"20":{"name":"(anonymous_20)","decl":{"start":{"line":218,"column":4},"end":{"line":218,"column":17}},"loc":{"start":{"line":220,"column":54},"end":{"line":223,"column":5}}},"21":{"name":"(anonymous_21)","decl":{"start":{"line":229,"column":4},"end":{"line":229,"column":21}},"loc":{"start":{"line":229,"column":53},"end":{"line":231,"column":5}}},"22":{"name":"(anonymous_22)","decl":{"start":{"line":240,"column":4},"end":{"line":240,"column":21}},"loc":{"start":{"line":240,"column":32},"end":{"line":242,"column":5}}},"23":{"name":"(anonymous_23)","decl":{"start":{"line":248,"column":4},"end":{"line":248,"column":14}},"loc":{"start":{"line":248,"column":39},"end":{"line":250,"column":5}}},"24":{"name":"(anonymous_24)","decl":{"start":{"line":256,"column":4},"end":{"line":256,"column":15}},"loc":{"start":{"line":256,"column":26},"end":{"line":258,"column":5}}},"25":{"name":"(anonymous_25)","decl":{"start":{"line":264,"column":4},"end":{"line":264,"column":15}},"loc":{"start":{"line":264,"column":15},"end":{"line":266,"column":5}}},"26":{"name":"(anonymous_26)","decl":{"start":{"line":272,"column":4},"end":{"line":272,"column":14}},"loc":{"start":{"line":272,"column":51},"end":{"line":274,"column":5}}},"27":{"name":"(anonymous_27)","decl":{"start":{"line":280,"column":4},"end":{"line":280,"column":14}},"loc":{"start":{"line":280,"column":25},"end":{"line":282,"column":5}}},"28":{"name":"(anonymous_28)","decl":{"start":{"line":292,"column":4},"end":{"line":292,"column":17}},"loc":{"start":{"line":292,"column":72},"end":{"line":298,"column":5}}},"29":{"name":"(anonymous_29)","decl":{"start":{"line":304,"column":4},"end":{"line":304,"column":19}},"loc":{"start":{"line":304,"column":62},"end":{"line":306,"column":5}}},"30":{"name":"(anonymous_30)","decl":{"start":{"line":312,"column":4},"end":{"line":312,"column":19}},"loc":{"start":{"line":312,"column":30},"end":{"line":314,"column":5}}}},"branchMap":{"0":{"loc":{"start":{"line":39,"column":8},"end":{"line":43,"column":9}},"type":"if","locations":[{"start":{"line":39,"column":8},"end":{"line":43,"column":9}}]},"1":{"loc":{"start":{"line":39,"column":12},"end":{"line":39,"column":86}},"type":"binary-expr","locations":[{"start":{"line":39,"column":12},"end":{"line":39,"column":19}},{"start":{"line":39,"column":24},"end":{"line":39,"column":50}},{"start":{"line":39,"column":54},"end":{"line":39,"column":85}}]},"2":{"loc":{"start":{"line":40,"column":25},"end":{"line":40,"column":42}},"type":"cond-expr","locations":[{"start":{"line":40,"column":37},"end":{"line":40,"column":41}},{"start":{"line":40,"column":41},"end":{"line":40,"column":42}}]},"3":{"loc":{"start":{"line":40,"column":25},"end":{"line":40,"column":41}},"type":"binary-expr","locations":[{"start":{"line":40,"column":25},"end":{"line":40,"column":41}},{"start":{"line":40,"column":37},"end":{"line":40,"column":41}}]},"4":{"loc":{"start":{"line":41,"column":30},"end":{"line":41,"column":53}},"type":"cond-expr","locations":[{"start":{"line":41,"column":47},"end":{"line":41,"column":51}},{"start":{"line":41,"column":51},"end":{"line":41,"column":53}}]},"5":{"loc":{"start":{"line":41,"column":30},"end":{"line":41,"column":51}},"type":"binary-expr","locations":[{"start":{"line":41,"column":30},"end":{"line":41,"column":51}},{"start":{"line":41,"column":47},"end":{"line":41,"column":51}}]},"6":{"loc":{"start":{"line":80,"column":8},"end":{"line":82,"column":9}},"type":"if","locations":[{"start":{"line":80,"column":8},"end":{"line":82,"column":9}}]},"7":{"loc":{"start":{"line":87,"column":8},"end":{"line":89,"column":9}},"type":"if","locations":[{"start":{"line":87,"column":8},"end":{"line":89,"column":9}}]},"8":{"loc":{"start":{"line":98,"column":8},"end":{"line":100,"column":9}},"type":"if","locations":[{"start":{"line":98,"column":8},"end":{"line":100,"column":9}}]},"9":{"loc":{"start":{"line":294,"column":54},"end":{"line":296,"column":20}},"type":"cond-expr","locations":[{"start":{"line":295,"column":14},"end":{"line":295,"column":39}},{"start":{"line":296,"column":14},"end":{"line":296,"column":20}}]}},"s":{"0":2,"1":2,"2":2,"3":2,"4":2,"5":32,"6":32,"7":32,"8":32,"9":32,"10":1,"11":2,"12":1,"13":1,"14":1,"15":1,"16":1,"17":1,"18":1,"19":1,"20":1,"21":1,"22":1,"23":1,"24":1,"25":1,"26":1,"27":1,"28":1,"29":1,"30":1,"31":0,"32":1,"33":1,"34":1,"35":1,"36":1,"37":1,"38":1,"39":1,"40":1,"41":1,"42":1,"43":1,"44":1,"45":1,"46":1,"47":1,"48":1,"49":1,"50":1,"51":1,"52":1,"53":1,"54":2,"55":2,"56":1,"57":1,"58":2},"f":{"0":32,"1":1,"2":2,"3":1,"4":1,"5":1,"6":1,"7":1,"8":1,"9":1,"10":1,"11":1,"12":1,"13":1,"14":1,"15":1,"16":1,"17":1,"18":1,"19":1,"20":1,"21":1,"22":1,"23":1,"24":1,"25":1,"26":1,"27":1,"28":2,"29":1,"30":1},"b":{"0":[1],"1":[2,1,0],"2":[1,0],"3":[1,1],"4":[1,0],"5":[1,1],"6":[1],"7":[1],"8":[0],"9":[1,1]}}
,"/home/aditya.mane/Desktop/test/base-sdk/src/services/user-service.ts": {"path":"/home/aditya.mane/Desktop/test/base-sdk/src/services/user-service.ts","statementMap":{"0":{"start":{"line":4,"column":0},"end":{"line":4,"column":52}},"1":{"start":{"line":9,"column":31},"end":{"line":9,"column":47}},"2":{"start":{"line":7,"column":10},"end":{"line":7,"column":59}},"3":{"start":{"line":13,"column":4},"end":{"line":13,"column":45}},"4":{"start":{"line":21,"column":4},"end":{"line":21,"column":48}},"5":{"start":{"line":29,"column":21},"end":{"line":29,"column":37}},"6":{"start":{"line":31,"column":4},"end":{"line":33,"column":5}},"7":{"start":{"line":32,"column":6},"end":{"line":32,"column":55}},"8":{"start":{"line":35,"column":4},"end":{"line":37,"column":5}},"9":{"start":{"line":36,"column":6},"end":{"line":36,"column":53}},"10":{"start":{"line":39,"column":4},"end":{"line":41,"column":5}},"11":{"start":{"line":40,"column":6},"end":{"line":40,"column":59}},"12":{"start":{"line":43,"column":4},"end":{"line":45,"column":5}},"13":{"start":{"line":44,"column":6},"end":{"line":44,"column":41}},"14":{"start":{"line":47,"column":4},"end":{"line":49,"column":5}},"15":{"start":{"line":48,"column":6},"end":{"line":48,"column":49}},"16":{"start":{"line":51,"column":4},"end":{"line":53,"column":5}},"17":{"start":{"line":52,"column":6},"end":{"line":52,"column":51}},"18":{"start":{"line":55,"column":4},"end":{"line":57,"column":5}},"19":{"start":{"line":56,"column":6},"end":{"line":56,"column":47}},"20":{"start":{"line":59,"column":4},"end":{"line":61,"column":5}},"21":{"start":{"line":60,"column":6},"end":{"line":60,"column":44}},"22":{"start":{"line":63,"column":4},"end":{"line":67,"column":7}},"23":{"start":{"line":75,"column":4},"end":{"line":75,"column":65}},"24":{"start":{"line":83,"column":21},"end":{"line":83,"column":37}},"25":{"start":{"line":84,"column":4},"end":{"line":84,"column":40}},"26":{"start":{"line":85,"column":4},"end":{"line":89,"column":7}},"27":{"start":{"line":97,"column":4},"end":{"line":97,"column":58}},"28":{"start":{"line":105,"column":4},"end":{"line":105,"column":45}},"29":{"start":{"line":113,"column":4},"end":{"line":115,"column":6}},"30":{"start":{"line":125,"column":19},"end":{"line":125,"column":62}},"31":{"start":{"line":126,"column":4},"end":{"line":126,"column":69}},"32":{"start":{"line":134,"column":4},"end":{"line":134,"column":50}},"33":{"start":{"line":142,"column":4},"end":{"line":142,"column":56}},"34":{"start":{"line":150,"column":21},"end":{"line":150,"column":37}},"35":{"start":{"line":151,"column":4},"end":{"line":151,"column":45}},"36":{"start":{"line":152,"column":4},"end":{"line":152,"column":53}},"37":{"start":{"line":153,"column":4},"end":{"line":153,"column":51}},"38":{"start":{"line":155,"column":4},"end":{"line":157,"column":5}},"39":{"start":{"line":156,"column":6},"end":{"line":156,"column":59}},"40":{"start":{"line":159,"column":4},"end":{"line":161,"column":5}},"41":{"start":{"line":160,"column":6},"end":{"line":160,"column":65}},"42":{"start":{"line":163,"column":4},"end":{"line":165,"column":5}},"43":{"start":{"line":164,"column":6},"end":{"line":164,"column":73}},"44":{"start":{"line":167,"column":4},"end":{"line":171,"column":7}},"45":{"start":{"line":179,"column":21},"end":{"line":179,"column":35}},"46":{"start":{"line":180,"column":4},"end":{"line":180,"column":49}},"47":{"start":{"line":182,"column":4},"end":{"line":184,"column":5}},"48":{"start":{"line":183,"column":6},"end":{"line":183,"column":55}},"49":{"start":{"line":186,"column":4},"end":{"line":188,"column":5}},"50":{"start":{"line":187,"column":6},"end":{"line":187,"column":53}},"51":{"start":{"line":190,"column":4},"end":{"line":192,"column":5}},"52":{"start":{"line":191,"column":6},"end":{"line":191,"column":59}},"53":{"start":{"line":194,"column":4},"end":{"line":196,"column":5}},"54":{"start":{"line":195,"column":6},"end":{"line":195,"column":65}},"55":{"start":{"line":198,"column":4},"end":{"line":200,"column":5}},"56":{"start":{"line":199,"column":6},"end":{"line":199,"column":73}},"57":{"start":{"line":202,"column":25},"end":{"line":202,"column":57}},"58":{"start":{"line":203,"column":4},"end":{"line":208,"column":7}},"59":{"start":{"line":217,"column":4},"end":{"line":217,"column":50}},"60":{"start":{"line":225,"column":4},"end":{"line":225,"column":52}},"61":{"start":{"line":233,"column":4},"end":{"line":233,"column":54}},"62":{"start":{"line":241,"column":4},"end":{"line":241,"column":39}},"63":{"start":{"line":249,"column":4},"end":{"line":249,"column":50}},"64":{"start":{"line":261,"column":4},"end":{"line":263,"column":5}},"65":{"start":{"line":262,"column":6},"end":{"line":262,"column":80}},"66":{"start":{"line":265,"column":4},"end":{"line":265,"column":70}},"67":{"start":{"line":6,"column":0},"end":{"line":6,"column":13}}},"fnMap":{"0":{"name":"(anonymous_0)","decl":{"start":{"line":9,"column":2},"end":{"line":9,"column":31}},"loc":{"start":{"line":9,"column":47},"end":{"line":9,"column":52}}},"1":{"name":"(anonymous_1)","decl":{"start":{"line":12,"column":2},"end":{"line":12,"column":21}},"loc":{"start":{"line":12,"column":56},"end":{"line":14,"column":3}}},"2":{"name":"(anonymous_2)","decl":{"start":{"line":20,"column":2},"end":{"line":20,"column":12}},"loc":{"start":{"line":20,"column":23},"end":{"line":22,"column":3}}},"3":{"name":"(anonymous_3)","decl":{"start":{"line":28,"column":2},"end":{"line":28,"column":15}},"loc":{"start":{"line":28,"column":84},"end":{"line":68,"column":3}}},"4":{"name":"(anonymous_4)","decl":{"start":{"line":74,"column":2},"end":{"line":74,"column":16}},"loc":{"start":{"line":74,"column":63},"end":{"line":76,"column":3}}},"5":{"name":"(anonymous_5)","decl":{"start":{"line":82,"column":2},"end":{"line":82,"column":19}},"loc":{"start":{"line":82,"column":48},"end":{"line":90,"column":3}}},"6":{"name":"(anonymous_6)","decl":{"start":{"line":96,"column":2},"end":{"line":96,"column":14}},"loc":{"start":{"line":96,"column":25},"end":{"line":98,"column":3}}},"7":{"name":"(anonymous_7)","decl":{"start":{"line":104,"column":2},"end":{"line":104,"column":15}},"loc":{"start":{"line":104,"column":15},"end":{"line":106,"column":3}}},"8":{"name":"(anonymous_8)","decl":{"start":{"line":112,"column":2},"end":{"line":112,"column":22}},"loc":{"start":{"line":112,"column":22},"end":{"line":116,"column":3}}},"9":{"name":"(anonymous_9)","decl":{"start":{"line":124,"column":2},"end":{"line":124,"column":23}},"loc":{"start":{"line":124,"column":52},"end":{"line":127,"column":3}}},"10":{"name":"(anonymous_10)","decl":{"start":{"line":133,"column":2},"end":{"line":133,"column":19}},"loc":{"start":{"line":133,"column":57},"end":{"line":135,"column":3}}},"11":{"name":"(anonymous_11)","decl":{"start":{"line":141,"column":2},"end":{"line":141,"column":18}},"loc":{"start":{"line":141,"column":55},"end":{"line":143,"column":3}}},"12":{"name":"(anonymous_12)","decl":{"start":{"line":149,"column":2},"end":{"line":149,"column":7}},"loc":{"start":{"line":149,"column":46},"end":{"line":172,"column":3}}},"13":{"name":"(anonymous_13)","decl":{"start":{"line":178,"column":2},"end":{"line":178,"column":7}},"loc":{"start":{"line":178,"column":48},"end":{"line":209,"column":3}}},"14":{"name":"(anonymous_14)","decl":{"start":{"line":216,"column":2},"end":{"line":216,"column":12}},"loc":{"start":{"line":216,"column":44},"end":{"line":218,"column":3}}},"15":{"name":"(anonymous_15)","decl":{"start":{"line":224,"column":2},"end":{"line":224,"column":14}},"loc":{"start":{"line":224,"column":48},"end":{"line":226,"column":3}}},"16":{"name":"(anonymous_16)","decl":{"start":{"line":232,"column":2},"end":{"line":232,"column":16}},"loc":{"start":{"line":232,"column":52},"end":{"line":234,"column":3}}},"17":{"name":"(anonymous_17)","decl":{"start":{"line":240,"column":2},"end":{"line":240,"column":11}},"loc":{"start":{"line":240,"column":11},"end":{"line":242,"column":3}}},"18":{"name":"(anonymous_18)","decl":{"start":{"line":248,"column":2},"end":{"line":248,"column":20}},"loc":{"start":{"line":248,"column":20},"end":{"line":250,"column":3}}},"19":{"name":"(anonymous_19)","decl":{"start":{"line":257,"column":2},"end":{"line":257,"column":21}},"loc":{"start":{"line":259,"column":41},"end":{"line":266,"column":3}}}},"branchMap":{"0":{"loc":{"start":{"line":31,"column":4},"end":{"line":33,"column":5}},"type":"if","locations":[{"start":{"line":31,"column":4},"end":{"line":33,"column":5}}]},"1":{"loc":{"start":{"line":35,"column":4},"end":{"line":37,"column":5}},"type":"if","locations":[{"start":{"line":35,"column":4},"end":{"line":37,"column":5}}]},"2":{"loc":{"start":{"line":39,"column":4},"end":{"line":41,"column":5}},"type":"if","locations":[{"start":{"line":39,"column":4},"end":{"line":41,"column":5}}]},"3":{"loc":{"start":{"line":43,"column":4},"end":{"line":45,"column":5}},"type":"if","locations":[{"start":{"line":43,"column":4},"end":{"line":45,"column":5}}]},"4":{"loc":{"start":{"line":47,"column":4},"end":{"line":49,"column":5}},"type":"if","locations":[{"start":{"line":47,"column":4},"end":{"line":49,"column":5}}]},"5":{"loc":{"start":{"line":51,"column":4},"end":{"line":53,"column":5}},"type":"if","locations":[{"start":{"line":51,"column":4},"end":{"line":53,"column":5}}]},"6":{"loc":{"start":{"line":55,"column":4},"end":{"line":57,"column":5}},"type":"if","locations":[{"start":{"line":55,"column":4},"end":{"line":57,"column":5}}]},"7":{"loc":{"start":{"line":59,"column":4},"end":{"line":61,"column":5}},"type":"if","locations":[{"start":{"line":59,"column":4},"end":{"line":61,"column":5}}]},"8":{"loc":{"start":{"line":125,"column":19},"end":{"line":125,"column":62}},"type":"cond-expr","locations":[{"start":{"line":125,"column":29},"end":{"line":125,"column":50}},{"start":{"line":125,"column":53},"end":{"line":125,"column":62}}]},"9":{"loc":{"start":{"line":155,"column":4},"end":{"line":157,"column":5}},"type":"if","locations":[{"start":{"line":155,"column":4},"end":{"line":157,"column":5}}]},"10":{"loc":{"start":{"line":159,"column":4},"end":{"line":161,"column":5}},"type":"if","locations":[{"start":{"line":159,"column":4},"end":{"line":161,"column":5}}]},"11":{"loc":{"start":{"line":163,"column":4},"end":{"line":165,"column":5}},"type":"if","locations":[{"start":{"line":163,"column":4},"end":{"line":165,"column":5}}]},"12":{"loc":{"start":{"line":182,"column":4},"end":{"line":184,"column":5}},"type":"if","locations":[{"start":{"line":182,"column":4},"end":{"line":184,"column":5}}]},"13":{"loc":{"start":{"line":186,"column":4},"end":{"line":188,"column":5}},"type":"if","locations":[{"start":{"line":186,"column":4},"end":{"line":188,"column":5}}]},"14":{"loc":{"start":{"line":190,"column":4},"end":{"line":192,"column":5}},"type":"if","locations":[{"start":{"line":190,"column":4},"end":{"line":192,"column":5}}]},"15":{"loc":{"start":{"line":194,"column":4},"end":{"line":196,"column":5}},"type":"if","locations":[{"start":{"line":194,"column":4},"end":{"line":196,"column":5}}]},"16":{"loc":{"start":{"line":198,"column":4},"end":{"line":200,"column":5}},"type":"if","locations":[{"start":{"line":198,"column":4},"end":{"line":200,"column":5}}]},"17":{"loc":{"start":{"line":261,"column":4},"end":{"line":263,"column":5}},"type":"if","locations":[{"start":{"line":261,"column":4},"end":{"line":263,"column":5}}]}},"s":{"0":2,"1":20,"2":20,"3":1,"4":1,"5":1,"6":1,"7":0,"8":1,"9":0,"10":1,"11":0,"12":1,"13":0,"14":1,"15":0,"16":1,"17":0,"18":1,"19":0,"20":1,"21":0,"22":1,"23":1,"24":1,"25":1,"26":1,"27":1,"28":1,"29":1,"30":2,"31":2,"32":1,"33":1,"34":1,"35":1,"36":1,"37":1,"38":1,"39":1,"40":1,"41":1,"42":1,"43":1,"44":1,"45":1,"46":1,"47":1,"48":1,"49":1,"50":1,"51":1,"52":1,"53":1,"54":1,"55":1,"56":1,"57":1,"58":1,"59":1,"60":1,"61":1,"62":1,"63":1,"64":2,"65":1,"66":1,"67":2},"f":{"0":20,"1":1,"2":1,"3":1,"4":1,"5":1,"6":1,"7":1,"8":1,"9":2,"10":1,"11":1,"12":1,"13":1,"14":1,"15":1,"16":1,"17":1,"18":1,"19":2},"b":{"0":[0],"1":[0],"2":[0],"3":[0],"4":[0],"5":[0],"6":[0],"7":[0],"8":[1,1],"9":[1],"10":[1],"11":[1],"12":[1],"13":[1],"14":[1],"15":[1],"16":[1],"17":[1]}}
,"/home/aditya.mane/Desktop/test/base-sdk/src/services/view-service.ts": {"path":"/home/aditya.mane/Desktop/test/base-sdk/src/services/view-service.ts","statementMap":{"0":{"start":{"line":5,"column":33},"end":{"line":5,"column":49}},"1":{"start":{"line":12,"column":8},"end":{"line":12,"column":51}},"2":{"start":{"line":20,"column":8},"end":{"line":20,"column":54}},"3":{"start":{"line":28,"column":8},"end":{"line":28,"column":44}},"4":{"start":{"line":36,"column":8},"end":{"line":36,"column":39}},"5":{"start":{"line":44,"column":8},"end":{"line":44,"column":54}},"6":{"start":{"line":52,"column":8},"end":{"line":52,"column":47}},"7":{"start":{"line":4,"column":0},"end":{"line":4,"column":13}}},"fnMap":{"0":{"name":"(anonymous_0)","decl":{"start":{"line":5,"column":4},"end":{"line":5,"column":33}},"loc":{"start":{"line":5,"column":49},"end":{"line":5,"column":54}}},"1":{"name":"(anonymous_1)","decl":{"start":{"line":11,"column":4},"end":{"line":11,"column":21}},"loc":{"start":{"line":11,"column":32},"end":{"line":13,"column":5}}},"2":{"name":"(anonymous_2)","decl":{"start":{"line":19,"column":4},"end":{"line":19,"column":10}},"loc":{"start":{"line":19,"column":35},"end":{"line":21,"column":5}}},"3":{"name":"(anonymous_3)","decl":{"start":{"line":27,"column":4},"end":{"line":27,"column":11}},"loc":{"start":{"line":27,"column":22},"end":{"line":29,"column":5}}},"4":{"name":"(anonymous_4)","decl":{"start":{"line":35,"column":4},"end":{"line":35,"column":10}},"loc":{"start":{"line":35,"column":10},"end":{"line":37,"column":5}}},"5":{"name":"(anonymous_5)","decl":{"start":{"line":43,"column":4},"end":{"line":43,"column":10}},"loc":{"start":{"line":43,"column":47},"end":{"line":45,"column":5}}},"6":{"name":"(anonymous_6)","decl":{"start":{"line":51,"column":4},"end":{"line":51,"column":10}},"loc":{"start":{"line":51,"column":21},"end":{"line":53,"column":5}}}},"branchMap":{},"s":{"0":38,"1":2,"2":2,"3":2,"4":2,"5":2,"6":2,"7":3},"f":{"0":38,"1":2,"2":2,"3":2,"4":2,"5":2,"6":2},"b":{}}
,"/home/aditya.mane/Desktop/test/base-sdk/src/services/workspace-service.ts": {"path":"/home/aditya.mane/Desktop/test/base-sdk/src/services/workspace-service.ts","statementMap":{"0":{"start":{"line":5,"column":31},"end":{"line":5,"column":47}},"1":{"start":{"line":12,"column":4},"end":{"line":12,"column":55}},"2":{"start":{"line":20,"column":4},"end":{"line":20,"column":40}},"3":{"start":{"line":28,"column":4},"end":{"line":28,"column":45}},"4":{"start":{"line":36,"column":4},"end":{"line":36,"column":53}},"5":{"start":{"line":44,"column":4},"end":{"line":44,"column":48}},"6":{"start":{"line":52,"column":4},"end":{"line":52,"column":52}},"7":{"start":{"line":60,"column":4},"end":{"line":60,"column":51}},"8":{"start":{"line":68,"column":4},"end":{"line":68,"column":62}},"9":{"start":{"line":76,"column":4},"end":{"line":76,"column":73}},"10":{"start":{"line":87,"column":4},"end":{"line":87,"column":70}},"11":{"start":{"line":98,"column":4},"end":{"line":98,"column":80}},"12":{"start":{"line":106,"column":4},"end":{"line":106,"column":61}},"13":{"start":{"line":114,"column":23},"end":{"line":114,"column":81}},"14":{"start":{"line":115,"column":28},"end":{"line":117,"column":17}},"15":{"start":{"line":119,"column":52},"end":{"line":130,"column":6}},"16":{"start":{"line":120,"column":57},"end":{"line":129,"column":8}},"17":{"start":{"line":131,"column":4},"end":{"line":131,"column":56}},"18":{"start":{"line":4,"column":0},"end":{"line":4,"column":13}}},"fnMap":{"0":{"name":"(anonymous_0)","decl":{"start":{"line":5,"column":2},"end":{"line":5,"column":31}},"loc":{"start":{"line":5,"column":47},"end":{"line":5,"column":52}}},"1":{"name":"(anonymous_1)","decl":{"start":{"line":11,"column":2},"end":{"line":11,"column":8}},"loc":{"start":{"line":11,"column":38},"end":{"line":13,"column":3}}},"2":{"name":"(anonymous_2)","decl":{"start":{"line":19,"column":2},"end":{"line":19,"column":8}},"loc":{"start":{"line":19,"column":8},"end":{"line":21,"column":3}}},"3":{"name":"(anonymous_3)","decl":{"start":{"line":27,"column":2},"end":{"line":27,"column":9}},"loc":{"start":{"line":27,"column":20},"end":{"line":29,"column":3}}},"4":{"name":"(anonymous_4)","decl":{"start":{"line":35,"column":2},"end":{"line":35,"column":8}},"loc":{"start":{"line":35,"column":50},"end":{"line":37,"column":3}}},"5":{"name":"(anonymous_5)","decl":{"start":{"line":43,"column":2},"end":{"line":43,"column":8}},"loc":{"start":{"line":43,"column":19},"end":{"line":45,"column":3}}},"6":{"name":"(anonymous_6)","decl":{"start":{"line":51,"column":2},"end":{"line":51,"column":24}},"loc":{"start":{"line":51,"column":35},"end":{"line":53,"column":3}}},"7":{"name":"(anonymous_7)","decl":{"start":{"line":59,"column":2},"end":{"line":59,"column":23}},"loc":{"start":{"line":59,"column":34},"end":{"line":61,"column":3}}},"8":{"name":"(anonymous_8)","decl":{"start":{"line":67,"column":2},"end":{"line":67,"column":12}},"loc":{"start":{"line":67,"column":32},"end":{"line":69,"column":3}}},"9":{"name":"(anonymous_9)","decl":{"start":{"line":75,"column":2},"end":{"line":75,"column":21}},"loc":{"start":{"line":75,"column":41},"end":{"line":77,"column":3}}},"10":{"name":"(anonymous_10)","decl":{"start":{"line":83,"column":2},"end":{"line":83,"column":25}},"loc":{"start":{"line":85,"column":41},"end":{"line":88,"column":3}}},"11":{"name":"(anonymous_11)","decl":{"start":{"line":94,"column":2},"end":{"line":94,"column":16}},"loc":{"start":{"line":96,"column":39},"end":{"line":99,"column":3}}},"12":{"name":"(anonymous_12)","decl":{"start":{"line":105,"column":2},"end":{"line":105,"column":20}},"loc":{"start":{"line":105,"column":37},"end":{"line":107,"column":3}}},"13":{"name":"(anonymous_13)","decl":{"start":{"line":113,"column":2},"end":{"line":113,"column":12}},"loc":{"start":{"line":113,"column":67},"end":{"line":132,"column":3}}},"14":{"name":"(anonymous_14)","decl":{"start":{"line":120,"column":35},"end":{"line":120,"column":36}},"loc":{"start":{"line":120,"column":57},"end":{"line":129,"column":8}}}},"branchMap":{"0":{"loc":{"start":{"line":114,"column":23},"end":{"line":114,"column":81}},"type":"cond-expr","locations":[{"start":{"line":114,"column":63},"end":{"line":114,"column":70}},{"start":{"line":114,"column":73},"end":{"line":114,"column":81}}]},"1":{"loc":{"start":{"line":115,"column":28},"end":{"line":117,"column":17}},"type":"cond-expr","locations":[{"start":{"line":116,"column":8},"end":{"line":116,"column":55}},{"start":{"line":117,"column":8},"end":{"line":117,"column":17}}]}},"s":{"0":13,"1":1,"2":1,"3":1,"4":1,"5":1,"6":1,"7":1,"8":1,"9":1,"10":1,"11":2,"12":1,"13":1,"14":1,"15":1,"16":1,"17":1,"18":2},"f":{"0":13,"1":1,"2":1,"3":1,"4":1,"5":1,"6":1,"7":1,"8":1,"9":1,"10":1,"11":2,"12":1,"13":1,"14":1},"b":{"0":[1,0],"1":[1,0]}}
,"/home/aditya.mane/Desktop/test/base-sdk/src/utils/form-data.ts": {"path":"/home/aditya.mane/Desktop/test/base-sdk/src/utils/form-data.ts","statementMap":{"0":{"start":{"line":1,"column":0},"end":{"line":1,"column":75}},"1":{"start":{"line":3,"column":48},"end":{"line":3,"column":52}},"2":{"start":{"line":6,"column":2},"end":{"line":8,"column":3}},"3":{"start":{"line":7,"column":4},"end":{"line":7,"column":29}},"4":{"start":{"line":10,"column":2},"end":{"line":13,"column":3}},"5":{"start":{"line":11,"column":4},"end":{"line":11,"column":44}},"6":{"start":{"line":12,"column":4},"end":{"line":12,"column":29}},"7":{"start":{"line":15,"column":2},"end":{"line":15,"column":65}},"8":{"start":{"line":17,"column":2},"end":{"line":19,"column":3}},"9":{"start":{"line":18,"column":5},"end":{"line":18,"column":53}},"10":{"start":{"line":20,"column":2},"end":{"line":22,"column":3}},"11":{"start":{"line":21,"column":5},"end":{"line":21,"column":40}},"12":{"start":{"line":24,"column":2},"end":{"line":24,"column":27}},"13":{"start":{"line":28,"column":23},"end":{"line":28,"column":51}},"14":{"start":{"line":29,"column":2},"end":{"line":29,"column":28}},"15":{"start":{"line":27,"column":0},"end":{"line":27,"column":16}}},"fnMap":{"0":{"name":"resolveFormDataConstructor","decl":{"start":{"line":5,"column":9},"end":{"line":5,"column":35}},"loc":{"start":{"line":5,"column":35},"end":{"line":25,"column":1}}},"1":{"name":"createFormData","decl":{"start":{"line":27,"column":16},"end":{"line":27,"column":30}},"loc":{"start":{"line":27,"column":30},"end":{"line":30,"column":1}}}},"branchMap":{"0":{"loc":{"start":{"line":6,"column":2},"end":{"line":8,"column":3}},"type":"if","locations":[{"start":{"line":6,"column":2},"end":{"line":8,"column":3}}]},"1":{"loc":{"start":{"line":10,"column":2},"end":{"line":13,"column":3}},"type":"if","locations":[{"start":{"line":10,"column":2},"end":{"line":13,"column":3}}]},"2":{"loc":{"start":{"line":17,"column":2},"end":{"line":19,"column":3}},"type":"if","locations":[{"start":{"line":17,"column":2},"end":{"line":19,"column":3}}]},"3":{"loc":{"start":{"line":20,"column":2},"end":{"line":22,"column":3}},"type":"if","locations":[{"start":{"line":20,"column":2},"end":{"line":22,"column":3}}]}},"s":{"0":13,"1":13,"2":6,"3":2,"4":4,"5":2,"6":2,"7":2,"8":2,"9":2,"10":2,"11":1,"12":2,"13":6,"14":6,"15":13},"f":{"0":6,"1":6},"b":{"0":[2],"1":[2],"2":[2],"3":[1]}}
}
