TN:
SF:src\client\http-client.ts
FN:10,encodeToBase64
FN:28,(anonymous_2)
FN:35,(anonymous_3)
FN:47,(anonymous_4)
FN:58,(anonymous_5)
FN:61,(anonymous_6)
FN:76,(anonymous_7)
FN:84,(anonymous_8)
FN:88,(anonymous_9)
FN:101,(anonymous_10)
FN:106,(anonymous_11)
FN:118,(anonymous_12)
FN:123,(anonymous_13)
FN:136,(anonymous_14)
FN:141,(anonymous_15)
FN:146,(anonymous_16)
FN:151,(anonymous_17)
FN:156,(anonymous_18)
FN:161,(anonymous_19)
FN:167,(anonymous_20)
FN:173,(anonymous_21)
FN:182,(anonymous_22)
FN:188,(anonymous_23)
FNF:23
FNH:22
FNDA:1,encodeToBase64
FNDA:28,(anonymous_2)
FNDA:3,(anonymous_3)
FNDA:32,(anonymous_4)
FNDA:32,(anonymous_5)
FNDA:1,(anonymous_6)
FNDA:1,(anonymous_7)
FNDA:0,(anonymous_8)
FNDA:1,(anonymous_9)
FNDA:2,(anonymous_10)
FNDA:5,(anonymous_11)
FNDA:3,(anonymous_12)
FNDA:5,(anonymous_13)
FNDA:1,(anonymous_14)
FNDA:1,(anonymous_15)
FNDA:1,(anonymous_16)
FNDA:1,(anonymous_17)
FNDA:1,(anonymous_18)
FNDA:4,(anonymous_19)
FNDA:1,(anonymous_20)
FNDA:1,(anonymous_21)
FNDA:1,(anonymous_22)
FNDA:3,(anonymous_23)
DA:6,3
DA:7,3
DA:10,3
DA:11,1
DA:12,1
DA:14,0
DA:15,0
DA:17,0
DA:21,3
DA:22,3
DA:24,3
DA:29,28
DA:30,28
DA:31,28
DA:32,28
DA:36,3
DA:37,3
DA:41,3
DA:48,32
DA:60,32
DA:63,1
DA:64,1
DA:65,0
DA:66,1
DA:67,1
DA:68,1
DA:69,1
DA:73,1
DA:74,1
DA:77,1
DA:78,1
DA:83,32
DA:85,0
DA:86,0
DA:89,1
DA:92,1
DA:93,0
DA:96,1
DA:102,2
DA:103,2
DA:107,5
DA:108,5
DA:110,5
DA:112,5
DA:113,2
DA:116,3
DA:118,3
DA:120,3
DA:124,5
DA:125,2
DA:126,2
DA:127,2
DA:128,2
DA:129,2
DA:130,2
DA:133,3
DA:137,1
DA:138,1
DA:142,1
DA:143,1
DA:147,1
DA:148,1
DA:152,1
DA:153,1
DA:157,1
DA:158,1
DA:162,4
DA:163,4
DA:164,4
DA:168,1
DA:174,1
DA:183,1
DA:189,3
LF:73
LH:66
BRDA:11,0,0,1
BRDA:14,1,0,0
BRDA:35,2,0,0
BRDA:36,3,0,3
BRDA:36,3,1,1
BRDA:37,4,0,1
BRDA:37,4,1,2
BRDA:38,5,0,1
BRDA:38,5,1,0
BRDA:39,6,0,2
BRDA:39,6,1,1
BRDA:50,7,0,32
BRDA:50,7,1,1
BRDA:63,8,0,1
BRDA:64,9,0,0
BRDA:64,9,1,1
BRDA:64,10,0,1
BRDA:64,10,1,0
BRDA:66,11,0,1
BRDA:66,12,0,1
BRDA:66,12,1,1
BRDA:66,12,2,1
BRDA:92,13,0,0
BRDA:92,14,0,1
BRDA:92,14,1,0
BRDA:92,15,0,0
BRDA:92,15,1,1
BRDA:92,16,0,1
BRDA:92,16,1,1
BRDA:103,17,0,2
BRDA:103,17,1,2
BRDA:107,18,0,5
BRDA:107,18,1,0
BRDA:107,19,0,0
BRDA:107,19,1,5
BRDA:107,20,0,5
BRDA:107,20,1,5
BRDA:108,21,0,5
BRDA:108,21,1,0
BRDA:108,22,0,0
BRDA:108,22,1,5
BRDA:108,23,0,5
BRDA:108,23,1,5
BRDA:110,24,0,5
BRDA:110,24,1,3
BRDA:112,25,0,2
BRDA:124,26,0,2
BRDA:124,27,0,2
BRDA:124,27,1,3
BRDA:124,28,0,5
BRDA:124,28,1,5
BRDA:124,29,0,1
BRDA:124,29,1,4
BRDA:124,30,0,5
BRDA:124,30,1,5
BRDA:126,31,0,2
BRDA:126,31,1,0
BRDA:188,32,0,0
BRF:58
BRH:44
end_of_record
TN:
SF:src\services\asset-service.ts
FN:11,(anonymous_0)
FN:17,(anonymous_1)
FN:24,(anonymous_2)
FN:51,(anonymous_3)
FN:79,(anonymous_4)
FN:87,(anonymous_5)
FN:95,(anonymous_6)
FN:100,(anonymous_7)
FN:106,(anonymous_8)
FNF:9
FNH:7
FNDA:41,(anonymous_0)
FNDA:3,(anonymous_1)
FNDA:4,(anonymous_2)
FNDA:3,(anonymous_3)
FNDA:3,(anonymous_4)
FNDA:2,(anonymous_5)
FNDA:2,(anonymous_6)
FNDA:0,(anonymous_7)
FNDA:0,(anonymous_8)
DA:8,3
DA:10,3
DA:11,41
DA:23,3
DA:24,3
DA:25,4
DA:27,3
DA:28,1
DA:30,3
DA:31,1
DA:34,3
DA:35,3
DA:41,3
DA:42,1
DA:44,3
DA:56,3
DA:57,3
DA:58,3
DA:59,2
DA:62,3
DA:63,3
DA:69,3
DA:70,1
DA:72,3
DA:80,3
DA:88,2
DA:96,2
DA:104,0
DA:105,0
DA:106,0
DA:107,0
DA:110,0
DA:117,0
DA:118,0
DA:120,0
LF:35
LH:27
BRDA:27,0,0,1
BRDA:30,1,0,1
BRDA:30,2,0,3
BRDA:30,2,1,1
BRDA:41,3,0,1
BRDA:58,4,0,2
BRDA:69,5,0,1
BRDA:105,6,0,0
BRDA:117,7,0,0
BRF:9
BRH:7
end_of_record
TN:
SF:src\services\auth-service.ts
FN:10,(anonymous_0)
FN:16,(anonymous_1)
FN:24,(anonymous_2)
FN:32,(anonymous_3)
FN:40,(anonymous_4)
FN:48,(anonymous_5)
FN:56,(anonymous_6)
FN:64,(anonymous_7)
FN:72,(anonymous_8)
FN:80,(anonymous_9)
FN:88,(anonymous_10)
FN:96,(anonymous_11)
FN:104,(anonymous_12)
FNF:13
FNH:13
FNDA:12,(anonymous_0)
FNDA:1,(anonymous_1)
FNDA:1,(anonymous_2)
FNDA:1,(anonymous_3)
FNDA:1,(anonymous_4)
FNDA:1,(anonymous_5)
FNDA:1,(anonymous_6)
FNDA:1,(anonymous_7)
FNDA:1,(anonymous_8)
FNDA:1,(anonymous_9)
FNDA:1,(anonymous_10)
FNDA:1,(anonymous_11)
FNDA:1,(anonymous_12)
DA:9,2
DA:10,12
DA:17,1
DA:25,1
DA:33,1
DA:41,1
DA:49,1
DA:57,1
DA:65,1
DA:73,1
DA:81,1
DA:89,1
DA:97,1
DA:105,1
LF:14
LH:14
BRF:0
BRH:0
end_of_record
TN:
SF:src\services\base-service.ts
FN:12,(anonymous_0)
FN:18,(anonymous_1)
FN:47,(anonymous_2)
FN:55,(anonymous_3)
FN:100,(anonymous_4)
FN:108,(anonymous_5)
FN:116,(anonymous_6)
FN:124,(anonymous_7)
FN:132,(anonymous_8)
FN:140,(anonymous_9)
FN:148,(anonymous_10)
FN:156,(anonymous_11)
FN:171,(anonymous_12)
FN:179,(anonymous_13)
FNF:14
FNH:14
FNDA:15,(anonymous_0)
FNDA:2,(anonymous_1)
FNDA:1,(anonymous_2)
FNDA:2,(anonymous_3)
FNDA:1,(anonymous_4)
FNDA:1,(anonymous_5)
FNDA:1,(anonymous_6)
FNDA:1,(anonymous_7)
FNDA:1,(anonymous_8)
FNDA:1,(anonymous_9)
FNDA:1,(anonymous_10)
FNDA:2,(anonymous_11)
FNDA:2,(anonymous_12)
FNDA:1,(anonymous_13)
DA:9,2
DA:11,2
DA:12,15
DA:19,2
DA:20,2
DA:22,2
DA:23,1
DA:26,2
DA:27,1
DA:30,2
DA:31,1
DA:34,2
DA:35,2
DA:48,1
DA:56,2
DA:58,2
DA:59,2
DA:62,2
DA:63,1
DA:66,2
DA:67,1
DA:70,2
DA:71,1
DA:74,2
DA:75,1
DA:78,2
DA:79,2
DA:87,2
DA:88,1
DA:89,1
DA:90,1
DA:93,2
DA:101,1
DA:109,1
DA:117,1
DA:125,1
DA:133,1
DA:141,1
DA:149,1
DA:157,2
DA:158,2
DA:159,2
DA:172,2
DA:183,1
LF:44
LH:44
BRDA:22,0,0,1
BRDA:26,1,0,1
BRDA:30,2,0,1
BRDA:58,3,0,2
BRDA:62,4,0,1
BRDA:66,5,0,1
BRDA:70,6,0,1
BRDA:74,7,0,1
BRDA:87,8,0,1
BRDA:87,8,1,1
BRDA:89,9,0,1
BRF:11
BRH:11
end_of_record
TN:
SF:src\services\column-service.ts
FN:10,(anonymous_0)
FN:16,(anonymous_1)
FN:24,(anonymous_2)
FN:32,(anonymous_3)
FN:40,(anonymous_4)
FN:48,(anonymous_5)
FN:56,(anonymous_6)
FN:64,(anonymous_7)
FNF:8
FNH:8
FNDA:39,(anonymous_0)
FNDA:2,(anonymous_1)
FNDA:2,(anonymous_2)
FNDA:2,(anonymous_3)
FNDA:2,(anonymous_4)
FNDA:2,(anonymous_5)
FNDA:2,(anonymous_6)
FNDA:2,(anonymous_7)
DA:9,3
DA:10,39
DA:17,2
DA:25,2
DA:33,2
DA:41,2
DA:49,2
DA:57,2
DA:65,2
LF:9
LH:9
BRF:0
BRH:0
end_of_record
TN:
SF:src\services\organization-service.ts
FN:10,(anonymous_0)
FN:16,(anonymous_1)
FN:24,(anonymous_2)
FN:32,(anonymous_3)
FNF:4
FNH:4
FNDA:3,(anonymous_0)
FNDA:1,(anonymous_1)
FNDA:1,(anonymous_2)
FNDA:1,(anonymous_3)
DA:9,2
DA:10,3
DA:17,1
DA:25,1
DA:33,1
LF:5
LH:5
BRF:0
BRH:0
end_of_record
TN:
SF:src\services\row-service.ts
FN:12,(anonymous_0)
FN:18,(anonymous_1)
FN:28,(anonymous_2)
FN:36,(anonymous_3)
FN:44,(anonymous_4)
FN:52,(anonymous_5)
FN:60,(anonymous_6)
FN:68,(anonymous_7)
FN:77,(anonymous_8)
FN:99,(anonymous_9)
FN:107,(anonymous_10)
FNF:11
FNH:10
FNDA:42,(anonymous_0)
FNDA:3,(anonymous_1)
FNDA:2,(anonymous_2)
FNDA:2,(anonymous_3)
FNDA:2,(anonymous_4)
FNDA:2,(anonymous_5)
FNDA:2,(anonymous_6)
FNDA:3,(anonymous_7)
FNDA:2,(anonymous_8)
FNDA:0,(anonymous_9)
FNDA:2,(anonymous_10)
DA:9,3
DA:11,3
DA:12,42
DA:19,3
DA:20,3
DA:21,3
DA:29,2
DA:37,2
DA:45,2
DA:53,2
DA:61,2
DA:72,3
DA:73,3
DA:74,3
DA:75,3
DA:76,3
DA:77,3
DA:78,2
DA:82,3
DA:83,3
DA:89,3
DA:90,1
DA:92,3
DA:100,0
DA:108,2
LF:25
LH:24
BRDA:19,0,0,1
BRDA:19,0,1,2
BRDA:19,1,0,3
BRDA:19,1,1,3
BRDA:19,2,0,2
BRDA:19,2,1,1
BRDA:19,3,0,3
BRDA:19,3,1,3
BRDA:20,4,0,1
BRDA:20,4,1,2
BRDA:20,5,0,3
BRDA:20,5,1,3
BRDA:20,6,0,2
BRDA:20,6,1,1
BRDA:20,7,0,3
BRDA:20,7,1,3
BRDA:76,8,0,3
BRDA:89,9,0,1
BRF:18
BRH:18
end_of_record
TN:
SF:src\services\table-service.ts
FN:21,(anonymous_0)
FN:35,(anonymous_1)
FN:43,(anonymous_2)
FN:56,(anonymous_3)
FN:64,(anonymous_4)
FN:72,(anonymous_5)
FN:80,(anonymous_6)
FN:116,(anonymous_7)
FN:124,(anonymous_8)
FN:132,(anonymous_9)
FN:140,(anonymous_10)
FN:148,(anonymous_11)
FN:156,(anonymous_12)
FN:164,(anonymous_13)
FN:175,(anonymous_14)
FN:183,(anonymous_15)
FN:191,(anonymous_16)
FN:199,(anonymous_17)
FN:207,(anonymous_18)
FN:215,(anonymous_19)
FN:223,(anonymous_20)
FN:234,(anonymous_21)
FN:242,(anonymous_22)
FN:253,(anonymous_23)
FN:261,(anonymous_24)
FN:269,(anonymous_25)
FN:277,(anonymous_26)
FN:285,(anonymous_27)
FN:293,(anonymous_28)
FN:305,(anonymous_29)
FN:317,(anonymous_30)
FN:325,(anonymous_31)
FNF:32
FNH:31
FNDA:32,(anonymous_0)
FNDA:1,(anonymous_1)
FNDA:2,(anonymous_2)
FNDA:1,(anonymous_3)
FNDA:1,(anonymous_4)
FNDA:1,(anonymous_5)
FNDA:1,(anonymous_6)
FNDA:1,(anonymous_7)
FNDA:1,(anonymous_8)
FNDA:1,(anonymous_9)
FNDA:1,(anonymous_10)
FNDA:1,(anonymous_11)
FNDA:1,(anonymous_12)
FNDA:1,(anonymous_13)
FNDA:1,(anonymous_14)
FNDA:1,(anonymous_15)
FNDA:1,(anonymous_16)
FNDA:1,(anonymous_17)
FNDA:1,(anonymous_18)
FNDA:1,(anonymous_19)
FNDA:1,(anonymous_20)
FNDA:0,(anonymous_21)
FNDA:1,(anonymous_22)
FNDA:1,(anonymous_23)
FNDA:1,(anonymous_24)
FNDA:1,(anonymous_25)
FNDA:1,(anonymous_26)
FNDA:1,(anonymous_27)
FNDA:1,(anonymous_28)
FNDA:2,(anonymous_29)
FNDA:1,(anonymous_30)
FNDA:1,(anonymous_31)
DA:9,2
DA:10,2
DA:11,2
DA:12,2
DA:13,2
DA:15,2
DA:21,32
DA:23,32
DA:24,32
DA:25,32
DA:26,32
DA:36,1
DA:44,2
DA:45,1
DA:46,1
DA:47,1
DA:49,1
DA:57,1
DA:65,1
DA:73,1
DA:84,1
DA:85,1
DA:86,1
DA:88,1
DA:89,1
DA:90,1
DA:91,1
DA:92,1
DA:93,1
DA:96,1
DA:97,1
DA:103,1
DA:104,0
DA:106,1
DA:117,1
DA:125,1
DA:133,1
DA:141,1
DA:149,1
DA:157,1
DA:165,1
DA:176,1
DA:184,1
DA:192,1
DA:200,1
DA:208,1
DA:216,1
DA:227,1
DA:235,0
DA:243,1
DA:254,1
DA:262,1
DA:270,1
DA:278,1
DA:286,1
DA:294,1
DA:307,2
DA:310,2
DA:318,1
DA:326,1
LF:60
LH:58
BRDA:44,0,0,1
BRDA:44,1,0,2
BRDA:44,1,1,1
BRDA:44,1,2,0
BRDA:45,2,0,1
BRDA:45,2,1,0
BRDA:45,3,0,1
BRDA:45,3,1,1
BRDA:46,4,0,1
BRDA:46,4,1,0
BRDA:46,5,0,1
BRDA:46,5,1,1
BRDA:85,6,0,1
BRDA:92,7,0,1
BRDA:103,8,0,0
BRDA:307,9,0,1
BRDA:307,9,1,1
BRF:17
BRH:13
end_of_record
TN:
SF:src\services\user-service.ts
FN:14,(anonymous_0)
FN:17,(anonymous_1)
FN:25,(anonymous_2)
FN:33,(anonymous_3)
FN:82,(anonymous_4)
FN:90,(anonymous_5)
FN:104,(anonymous_6)
FN:112,(anonymous_7)
FN:120,(anonymous_8)
FN:132,(anonymous_9)
FN:141,(anonymous_10)
FN:149,(anonymous_11)
FN:157,(anonymous_12)
FN:186,(anonymous_13)
FN:224,(anonymous_14)
FN:232,(anonymous_15)
FN:240,(anonymous_16)
FN:248,(anonymous_17)
FN:256,(anonymous_18)
FN:265,(anonymous_19)
FNF:20
FNH:20
FNDA:20,(anonymous_0)
FNDA:1,(anonymous_1)
FNDA:1,(anonymous_2)
FNDA:1,(anonymous_3)
FNDA:1,(anonymous_4)
FNDA:1,(anonymous_5)
FNDA:1,(anonymous_6)
FNDA:1,(anonymous_7)
FNDA:1,(anonymous_8)
FNDA:2,(anonymous_9)
FNDA:1,(anonymous_10)
FNDA:1,(anonymous_11)
FNDA:1,(anonymous_12)
FNDA:1,(anonymous_13)
FNDA:1,(anonymous_14)
FNDA:1,(anonymous_15)
FNDA:1,(anonymous_16)
FNDA:1,(anonymous_17)
FNDA:1,(anonymous_18)
FNDA:2,(anonymous_19)
DA:9,2
DA:11,2
DA:12,20
DA:14,20
DA:18,1
DA:26,1
DA:34,1
DA:36,1
DA:37,1
DA:40,1
DA:41,0
DA:44,1
DA:45,0
DA:48,1
DA:49,0
DA:52,1
DA:53,0
DA:56,1
DA:57,0
DA:60,1
DA:61,0
DA:64,1
DA:65,0
DA:67,1
DA:68,0
DA:71,1
DA:83,1
DA:91,1
DA:92,1
DA:93,1
DA:105,1
DA:113,1
DA:121,1
DA:133,2
DA:134,2
DA:142,1
DA:150,1
DA:158,1
DA:159,1
DA:160,1
DA:161,1
DA:163,1
DA:164,1
DA:167,1
DA:168,1
DA:171,1
DA:172,1
DA:175,1
DA:187,1
DA:188,1
DA:190,1
DA:191,1
DA:194,1
DA:195,1
DA:198,1
DA:199,1
DA:202,1
DA:203,1
DA:206,1
DA:207,1
DA:210,1
DA:211,1
DA:225,1
DA:233,1
DA:241,1
DA:249,1
DA:257,1
DA:269,2
DA:270,1
DA:273,1
LF:70
LH:62
BRDA:36,0,0,1
BRDA:40,1,0,0
BRDA:44,2,0,0
BRDA:48,3,0,0
BRDA:52,4,0,0
BRDA:56,5,0,0
BRDA:60,6,0,0
BRDA:64,7,0,0
BRDA:67,8,0,0
BRDA:133,9,0,1
BRDA:133,9,1,1
BRDA:163,10,0,1
BRDA:167,11,0,1
BRDA:171,12,0,1
BRDA:190,13,0,1
BRDA:194,14,0,1
BRDA:198,15,0,1
BRDA:202,16,0,1
BRDA:206,17,0,1
BRDA:269,18,0,1
BRF:20
BRH:12
end_of_record
TN:
SF:src\services\view-service.ts
FN:10,(anonymous_0)
FN:16,(anonymous_1)
FN:24,(anonymous_2)
FN:32,(anonymous_3)
FN:40,(anonymous_4)
FN:48,(anonymous_5)
FN:56,(anonymous_6)
FNF:7
FNH:7
FNDA:38,(anonymous_0)
FNDA:2,(anonymous_1)
FNDA:2,(anonymous_2)
FNDA:2,(anonymous_3)
FNDA:2,(anonymous_4)
FNDA:2,(anonymous_5)
FNDA:2,(anonymous_6)
DA:9,3
DA:10,38
DA:17,2
DA:25,2
DA:33,2
DA:41,2
DA:49,2
DA:57,2
LF:8
LH:8
BRF:0
BRH:0
end_of_record
TN:
SF:src\services\workspace-service.ts
FN:10,(anonymous_0)
FN:16,(anonymous_1)
FN:24,(anonymous_2)
FN:32,(anonymous_3)
FN:40,(anonymous_4)
FN:48,(anonymous_5)
FN:56,(anonymous_6)
FN:64,(anonymous_7)
FN:72,(anonymous_8)
FN:80,(anonymous_9)
FN:88,(anonymous_10)
FN:99,(anonymous_11)
FN:110,(anonymous_12)
FN:118,(anonymous_13)
FN:125,(anonymous_14)
FNF:15
FNH:15
FNDA:13,(anonymous_0)
FNDA:1,(anonymous_1)
FNDA:1,(anonymous_2)
FNDA:1,(anonymous_3)
FNDA:1,(anonymous_4)
FNDA:1,(anonymous_5)
FNDA:1,(anonymous_6)
FNDA:1,(anonymous_7)
FNDA:1,(anonymous_8)
FNDA:1,(anonymous_9)
FNDA:1,(anonymous_10)
FNDA:2,(anonymous_11)
FNDA:1,(anonymous_12)
FNDA:1,(anonymous_13)
FNDA:1,(anonymous_14)
DA:9,2
DA:10,13
DA:17,1
DA:25,1
DA:33,1
DA:41,1
DA:49,1
DA:57,1
DA:65,1
DA:73,1
DA:81,1
DA:92,1
DA:103,2
DA:111,1
DA:119,1
DA:120,1
DA:124,1
DA:125,1
DA:136,1
LF:19
LH:19
BRDA:119,0,0,1
BRDA:119,0,1,0
BRDA:120,1,0,1
BRDA:120,1,1,0
BRF:4
BRH:2
end_of_record
TN:
SF:src\utils\form-data.ts
FN:9,resolveFormDataConstructor
FN:31,createFormData
FNF:2
FNH:2
FNDA:6,resolveFormDataConstructor
FNDA:6,createFormData
DA:6,13
DA:7,13
DA:10,6
DA:11,2
DA:14,4
DA:15,2
DA:16,2
DA:19,2
DA:21,2
DA:22,2
DA:24,2
DA:25,1
DA:28,2
DA:31,13
DA:32,6
DA:33,6
LF:16
LH:16
BRDA:10,0,0,2
BRDA:14,1,0,2
BRDA:21,2,0,2
BRDA:24,3,0,1
BRF:4
BRH:4
end_of_record
