TN:
SF:src/client/http-client.ts
FN:5,encodeToBase64
FN:23,(anonymous_2)
FN:30,(anonymous_3)
FN:42,(anonymous_4)
FN:53,(anonymous_5)
FN:56,(anonymous_6)
FN:71,(anonymous_7)
FN:79,(anonymous_8)
FN:83,(anonymous_9)
FN:96,(anonymous_10)
FN:101,(anonymous_11)
FN:113,(anonymous_12)
FN:118,(anonymous_13)
FN:131,(anonymous_14)
FN:136,(anonymous_15)
FN:141,(anonymous_16)
FN:146,(anonymous_17)
FN:151,(anonymous_18)
FN:156,(anonymous_19)
FN:162,(anonymous_20)
FN:168,(anonymous_21)
FN:177,(anonymous_22)
FN:183,(anonymous_23)
FNF:23
FNH:22
FNDA:1,encodeToBase64
FNDA:28,(anonymous_2)
FNDA:3,(anonymous_3)
FNDA:32,(anonymous_4)
FNDA:32,(anonymous_5)
FNDA:1,(anonymous_6)
FNDA:1,(anonymous_7)
FNDA:0,(anonymous_8)
FNDA:1,(anonymous_9)
FNDA:2,(anonymous_10)
FNDA:5,(anonymous_11)
FNDA:3,(anonymous_12)
FNDA:5,(anonymous_13)
FNDA:1,(anonymous_14)
FNDA:1,(anonymous_15)
FNDA:1,(anonymous_16)
FNDA:1,(anonymous_17)
FNDA:1,(anonymous_18)
FNDA:4,(anonymous_19)
FNDA:1,(anonymous_20)
FNDA:1,(anonymous_21)
FNDA:1,(anonymous_22)
FNDA:3,(anonymous_23)
DA:1,3
DA:2,3
DA:5,3
DA:6,1
DA:7,1
DA:9,0
DA:10,0
DA:12,0
DA:16,3
DA:17,3
DA:19,3
DA:24,28
DA:25,28
DA:26,28
DA:27,28
DA:31,3
DA:32,3
DA:36,3
DA:43,32
DA:55,32
DA:58,1
DA:59,1
DA:60,0
DA:61,1
DA:62,1
DA:63,1
DA:64,1
DA:68,1
DA:69,1
DA:72,1
DA:73,1
DA:78,32
DA:80,0
DA:81,0
DA:84,1
DA:87,1
DA:88,0
DA:91,1
DA:97,2
DA:98,2
DA:102,5
DA:103,5
DA:105,5
DA:107,5
DA:108,2
DA:111,3
DA:113,3
DA:115,3
DA:119,5
DA:120,2
DA:121,2
DA:122,2
DA:123,2
DA:124,2
DA:125,2
DA:128,3
DA:132,1
DA:133,1
DA:137,1
DA:138,1
DA:142,1
DA:143,1
DA:147,1
DA:148,1
DA:152,1
DA:153,1
DA:157,4
DA:158,4
DA:159,4
DA:163,1
DA:169,1
DA:178,1
DA:184,3
LF:73
LH:66
BRDA:6,0,0,1
BRDA:9,1,0,0
BRDA:30,2,0,0
BRDA:31,3,0,3
BRDA:31,3,1,1
BRDA:32,4,0,1
BRDA:32,4,1,2
BRDA:33,5,0,1
BRDA:33,5,1,0
BRDA:34,6,0,2
BRDA:34,6,1,1
BRDA:45,7,0,32
BRDA:45,7,1,1
BRDA:58,8,0,1
BRDA:59,9,0,0
BRDA:59,9,1,1
BRDA:59,10,0,1
BRDA:59,10,1,0
BRDA:61,11,0,1
BRDA:61,12,0,1
BRDA:61,12,1,1
BRDA:61,12,2,1
BRDA:87,13,0,0
BRDA:87,14,0,1
BRDA:87,14,1,0
BRDA:87,15,0,0
BRDA:87,15,1,1
BRDA:87,16,0,1
BRDA:87,16,1,1
BRDA:98,17,0,2
BRDA:98,17,1,2
BRDA:102,18,0,5
BRDA:102,18,1,0
BRDA:102,19,0,0
BRDA:102,19,1,5
BRDA:102,20,0,5
BRDA:102,20,1,5
BRDA:103,21,0,5
BRDA:103,21,1,0
BRDA:103,22,0,0
BRDA:103,22,1,5
BRDA:103,23,0,5
BRDA:103,23,1,5
BRDA:105,24,0,5
BRDA:105,24,1,3
BRDA:107,25,0,2
BRDA:119,26,0,2
BRDA:119,27,0,2
BRDA:119,27,1,3
BRDA:119,28,0,5
BRDA:119,28,1,5
BRDA:119,29,0,1
BRDA:119,29,1,4
BRDA:119,30,0,5
BRDA:119,30,1,5
BRDA:121,31,0,2
BRDA:121,31,1,0
BRDA:183,32,0,0
BRF:58
BRH:44
end_of_record
TN:
SF:src/services/asset-service.ts
FN:6,(anonymous_0)
FN:12,(anonymous_1)
FN:19,(anonymous_2)
FN:46,(anonymous_3)
FN:74,(anonymous_4)
FN:82,(anonymous_5)
FN:90,(anonymous_6)
FN:95,(anonymous_7)
FN:101,(anonymous_8)
FNF:9
FNH:7
FNDA:41,(anonymous_0)
FNDA:3,(anonymous_1)
FNDA:4,(anonymous_2)
FNDA:3,(anonymous_3)
FNDA:3,(anonymous_4)
FNDA:2,(anonymous_5)
FNDA:2,(anonymous_6)
FNDA:0,(anonymous_7)
FNDA:0,(anonymous_8)
DA:3,3
DA:5,3
DA:6,41
DA:18,3
DA:19,3
DA:20,4
DA:22,3
DA:23,1
DA:25,3
DA:26,1
DA:29,3
DA:30,3
DA:36,3
DA:37,1
DA:39,3
DA:51,3
DA:52,3
DA:53,3
DA:54,2
DA:57,3
DA:58,3
DA:64,3
DA:65,1
DA:67,3
DA:75,3
DA:83,2
DA:91,2
DA:99,0
DA:100,0
DA:101,0
DA:102,0
DA:105,0
DA:112,0
DA:113,0
DA:115,0
LF:35
LH:27
BRDA:22,0,0,1
BRDA:25,1,0,1
BRDA:25,2,0,3
BRDA:25,2,1,1
BRDA:36,3,0,1
BRDA:53,4,0,2
BRDA:64,5,0,1
BRDA:100,6,0,0
BRDA:112,7,0,0
BRF:9
BRH:7
end_of_record
TN:
SF:src/services/auth-service.ts
FN:5,(anonymous_0)
FN:11,(anonymous_1)
FN:19,(anonymous_2)
FN:27,(anonymous_3)
FN:35,(anonymous_4)
FN:43,(anonymous_5)
FN:51,(anonymous_6)
FN:59,(anonymous_7)
FN:67,(anonymous_8)
FN:75,(anonymous_9)
FN:83,(anonymous_10)
FN:91,(anonymous_11)
FN:99,(anonymous_12)
FNF:13
FNH:13
FNDA:12,(anonymous_0)
FNDA:1,(anonymous_1)
FNDA:1,(anonymous_2)
FNDA:1,(anonymous_3)
FNDA:1,(anonymous_4)
FNDA:1,(anonymous_5)
FNDA:1,(anonymous_6)
FNDA:1,(anonymous_7)
FNDA:1,(anonymous_8)
FNDA:1,(anonymous_9)
FNDA:1,(anonymous_10)
FNDA:1,(anonymous_11)
FNDA:1,(anonymous_12)
DA:4,2
DA:5,12
DA:12,1
DA:20,1
DA:28,1
DA:36,1
DA:44,1
DA:52,1
DA:60,1
DA:68,1
DA:76,1
DA:84,1
DA:92,1
DA:100,1
LF:14
LH:14
BRF:0
BRH:0
end_of_record
TN:
SF:src/services/base-service.ts
FN:6,(anonymous_0)
FN:12,(anonymous_1)
FN:41,(anonymous_2)
FN:49,(anonymous_3)
FN:89,(anonymous_4)
FN:97,(anonymous_5)
FN:105,(anonymous_6)
FN:113,(anonymous_7)
FN:121,(anonymous_8)
FN:129,(anonymous_9)
FN:137,(anonymous_10)
FN:145,(anonymous_11)
FN:160,(anonymous_12)
FN:168,(anonymous_13)
FNF:14
FNH:14
FNDA:15,(anonymous_0)
FNDA:2,(anonymous_1)
FNDA:1,(anonymous_2)
FNDA:2,(anonymous_3)
FNDA:1,(anonymous_4)
FNDA:1,(anonymous_5)
FNDA:1,(anonymous_6)
FNDA:1,(anonymous_7)
FNDA:1,(anonymous_8)
FNDA:1,(anonymous_9)
FNDA:1,(anonymous_10)
FNDA:1,(anonymous_11)
FNDA:1,(anonymous_12)
FNDA:1,(anonymous_13)
DA:3,2
DA:5,2
DA:6,15
DA:13,2
DA:14,2
DA:16,2
DA:17,1
DA:20,2
DA:21,1
DA:24,2
DA:25,1
DA:28,2
DA:29,2
DA:42,1
DA:50,2
DA:52,2
DA:53,2
DA:56,2
DA:57,1
DA:60,2
DA:61,1
DA:64,2
DA:65,1
DA:68,2
DA:69,1
DA:72,2
DA:73,1
DA:76,2
DA:77,2
DA:90,1
DA:98,1
DA:106,1
DA:114,1
DA:122,1
DA:130,1
DA:138,1
DA:146,1
DA:147,1
DA:148,1
DA:161,1
DA:172,1
LF:41
LH:41
BRDA:16,0,0,1
BRDA:20,1,0,1
BRDA:24,2,0,1
BRDA:52,3,0,2
BRDA:56,4,0,1
BRDA:60,5,0,1
BRDA:64,6,0,1
BRDA:68,7,0,1
BRDA:72,8,0,1
BRF:9
BRH:9
end_of_record
TN:
SF:src/services/column-service.ts
FN:5,(anonymous_0)
FN:11,(anonymous_1)
FN:19,(anonymous_2)
FN:27,(anonymous_3)
FN:35,(anonymous_4)
FN:43,(anonymous_5)
FN:51,(anonymous_6)
FN:59,(anonymous_7)
FNF:8
FNH:8
FNDA:39,(anonymous_0)
FNDA:2,(anonymous_1)
FNDA:2,(anonymous_2)
FNDA:2,(anonymous_3)
FNDA:2,(anonymous_4)
FNDA:2,(anonymous_5)
FNDA:2,(anonymous_6)
FNDA:2,(anonymous_7)
DA:4,3
DA:5,39
DA:12,2
DA:20,2
DA:28,2
DA:36,2
DA:44,2
DA:52,2
DA:60,2
LF:9
LH:9
BRF:0
BRH:0
end_of_record
TN:
SF:src/services/organization-service.ts
FN:5,(anonymous_0)
FN:11,(anonymous_1)
FN:19,(anonymous_2)
FN:27,(anonymous_3)
FNF:4
FNH:4
FNDA:3,(anonymous_0)
FNDA:1,(anonymous_1)
FNDA:1,(anonymous_2)
FNDA:1,(anonymous_3)
DA:4,2
DA:5,3
DA:12,1
DA:20,1
DA:28,1
LF:5
LH:5
BRF:0
BRH:0
end_of_record
TN:
SF:src/services/row-service.ts
FN:6,(anonymous_0)
FN:12,(anonymous_1)
FN:22,(anonymous_2)
FN:30,(anonymous_3)
FN:38,(anonymous_4)
FN:46,(anonymous_5)
FN:54,(anonymous_6)
FN:62,(anonymous_7)
FN:71,(anonymous_8)
FN:93,(anonymous_9)
FNF:10
FNH:10
FNDA:42,(anonymous_0)
FNDA:3,(anonymous_1)
FNDA:2,(anonymous_2)
FNDA:2,(anonymous_3)
FNDA:2,(anonymous_4)
FNDA:2,(anonymous_5)
FNDA:2,(anonymous_6)
FNDA:3,(anonymous_7)
FNDA:2,(anonymous_8)
FNDA:2,(anonymous_9)
DA:3,3
DA:5,3
DA:6,42
DA:13,3
DA:14,3
DA:15,3
DA:23,2
DA:31,2
DA:39,2
DA:47,2
DA:55,2
DA:66,3
DA:67,3
DA:68,3
DA:69,3
DA:70,3
DA:71,3
DA:72,2
DA:76,3
DA:77,3
DA:83,3
DA:84,1
DA:86,3
DA:94,2
LF:24
LH:24
BRDA:13,0,0,1
BRDA:13,0,1,2
BRDA:13,1,0,3
BRDA:13,1,1,3
BRDA:13,2,0,2
BRDA:13,2,1,1
BRDA:13,3,0,3
BRDA:13,3,1,3
BRDA:14,4,0,1
BRDA:14,4,1,2
BRDA:14,5,0,3
BRDA:14,5,1,3
BRDA:14,6,0,2
BRDA:14,6,1,1
BRDA:14,7,0,3
BRDA:14,7,1,3
BRDA:70,8,0,3
BRDA:83,9,0,1
BRF:18
BRH:18
end_of_record
TN:
SF:src/services/table-service.ts
FN:16,(anonymous_0)
FN:30,(anonymous_1)
FN:38,(anonymous_2)
FN:51,(anonymous_3)
FN:59,(anonymous_4)
FN:67,(anonymous_5)
FN:75,(anonymous_6)
FN:111,(anonymous_7)
FN:119,(anonymous_8)
FN:127,(anonymous_9)
FN:135,(anonymous_10)
FN:143,(anonymous_11)
FN:151,(anonymous_12)
FN:159,(anonymous_13)
FN:170,(anonymous_14)
FN:178,(anonymous_15)
FN:186,(anonymous_16)
FN:194,(anonymous_17)
FN:202,(anonymous_18)
FN:210,(anonymous_19)
FN:218,(anonymous_20)
FN:229,(anonymous_21)
FN:240,(anonymous_22)
FN:248,(anonymous_23)
FN:256,(anonymous_24)
FN:264,(anonymous_25)
FN:272,(anonymous_26)
FN:280,(anonymous_27)
FN:292,(anonymous_28)
FN:304,(anonymous_29)
FN:312,(anonymous_30)
FNF:31
FNH:31
FNDA:32,(anonymous_0)
FNDA:1,(anonymous_1)
FNDA:2,(anonymous_2)
FNDA:1,(anonymous_3)
FNDA:1,(anonymous_4)
FNDA:1,(anonymous_5)
FNDA:1,(anonymous_6)
FNDA:1,(anonymous_7)
FNDA:1,(anonymous_8)
FNDA:1,(anonymous_9)
FNDA:1,(anonymous_10)
FNDA:1,(anonymous_11)
FNDA:1,(anonymous_12)
FNDA:1,(anonymous_13)
FNDA:1,(anonymous_14)
FNDA:1,(anonymous_15)
FNDA:1,(anonymous_16)
FNDA:1,(anonymous_17)
FNDA:1,(anonymous_18)
FNDA:1,(anonymous_19)
FNDA:1,(anonymous_20)
FNDA:1,(anonymous_21)
FNDA:1,(anonymous_22)
FNDA:1,(anonymous_23)
FNDA:1,(anonymous_24)
FNDA:1,(anonymous_25)
FNDA:1,(anonymous_26)
FNDA:1,(anonymous_27)
FNDA:2,(anonymous_28)
FNDA:1,(anonymous_29)
FNDA:1,(anonymous_30)
DA:4,2
DA:5,2
DA:6,2
DA:7,2
DA:8,2
DA:10,2
DA:16,32
DA:18,32
DA:19,32
DA:20,32
DA:21,32
DA:31,1
DA:39,2
DA:40,1
DA:41,1
DA:42,1
DA:44,1
DA:52,1
DA:60,1
DA:68,1
DA:79,1
DA:80,1
DA:81,1
DA:83,1
DA:84,1
DA:85,1
DA:86,1
DA:87,1
DA:88,1
DA:91,1
DA:92,1
DA:98,1
DA:99,0
DA:101,1
DA:112,1
DA:120,1
DA:128,1
DA:136,1
DA:144,1
DA:152,1
DA:160,1
DA:171,1
DA:179,1
DA:187,1
DA:195,1
DA:203,1
DA:211,1
DA:222,1
DA:230,1
DA:241,1
DA:249,1
DA:257,1
DA:265,1
DA:273,1
DA:281,1
DA:294,2
DA:297,2
DA:305,1
DA:313,1
LF:59
LH:58
BRDA:39,0,0,1
BRDA:39,1,0,2
BRDA:39,1,1,1
BRDA:39,1,2,0
BRDA:40,2,0,1
BRDA:40,2,1,0
BRDA:40,3,0,1
BRDA:40,3,1,1
BRDA:41,4,0,1
BRDA:41,4,1,0
BRDA:41,5,0,1
BRDA:41,5,1,1
BRDA:80,6,0,1
BRDA:87,7,0,1
BRDA:98,8,0,0
BRDA:294,9,0,1
BRDA:294,9,1,1
BRF:17
BRH:13
end_of_record
TN:
SF:src/services/user-service.ts
FN:9,(anonymous_0)
FN:12,(anonymous_1)
FN:20,(anonymous_2)
FN:28,(anonymous_3)
FN:74,(anonymous_4)
FN:82,(anonymous_5)
FN:96,(anonymous_6)
FN:104,(anonymous_7)
FN:112,(anonymous_8)
FN:124,(anonymous_9)
FN:133,(anonymous_10)
FN:141,(anonymous_11)
FN:149,(anonymous_12)
FN:178,(anonymous_13)
FN:216,(anonymous_14)
FN:224,(anonymous_15)
FN:232,(anonymous_16)
FN:240,(anonymous_17)
FN:248,(anonymous_18)
FN:257,(anonymous_19)
FNF:20
FNH:20
FNDA:20,(anonymous_0)
FNDA:1,(anonymous_1)
FNDA:1,(anonymous_2)
FNDA:1,(anonymous_3)
FNDA:1,(anonymous_4)
FNDA:1,(anonymous_5)
FNDA:1,(anonymous_6)
FNDA:1,(anonymous_7)
FNDA:1,(anonymous_8)
FNDA:2,(anonymous_9)
FNDA:1,(anonymous_10)
FNDA:1,(anonymous_11)
FNDA:1,(anonymous_12)
FNDA:1,(anonymous_13)
FNDA:1,(anonymous_14)
FNDA:1,(anonymous_15)
FNDA:1,(anonymous_16)
FNDA:1,(anonymous_17)
FNDA:1,(anonymous_18)
FNDA:2,(anonymous_19)
DA:4,2
DA:6,2
DA:7,20
DA:9,20
DA:13,1
DA:21,1
DA:29,1
DA:31,1
DA:32,1
DA:35,1
DA:36,0
DA:39,1
DA:40,0
DA:43,1
DA:44,0
DA:47,1
DA:48,0
DA:51,1
DA:52,0
DA:55,1
DA:56,0
DA:59,1
DA:60,0
DA:63,1
DA:75,1
DA:83,1
DA:84,1
DA:85,1
DA:97,1
DA:105,1
DA:113,1
DA:125,2
DA:126,2
DA:134,1
DA:142,1
DA:150,1
DA:151,1
DA:152,1
DA:153,1
DA:155,1
DA:156,1
DA:159,1
DA:160,1
DA:163,1
DA:164,1
DA:167,1
DA:179,1
DA:180,1
DA:182,1
DA:183,1
DA:186,1
DA:187,1
DA:190,1
DA:191,1
DA:194,1
DA:195,1
DA:198,1
DA:199,1
DA:202,1
DA:203,1
DA:217,1
DA:225,1
DA:233,1
DA:241,1
DA:249,1
DA:261,2
DA:262,1
DA:265,1
LF:68
LH:61
BRDA:31,0,0,1
BRDA:35,1,0,0
BRDA:39,2,0,0
BRDA:43,3,0,0
BRDA:47,4,0,0
BRDA:51,5,0,0
BRDA:55,6,0,0
BRDA:59,7,0,0
BRDA:125,8,0,1
BRDA:125,8,1,1
BRDA:155,9,0,1
BRDA:159,10,0,1
BRDA:163,11,0,1
BRDA:182,12,0,1
BRDA:186,13,0,1
BRDA:190,14,0,1
BRDA:194,15,0,1
BRDA:198,16,0,1
BRDA:261,17,0,1
BRF:19
BRH:12
end_of_record
TN:
SF:src/services/view-service.ts
FN:5,(anonymous_0)
FN:11,(anonymous_1)
FN:19,(anonymous_2)
FN:27,(anonymous_3)
FN:35,(anonymous_4)
FN:43,(anonymous_5)
FN:51,(anonymous_6)
FNF:7
FNH:7
FNDA:38,(anonymous_0)
FNDA:2,(anonymous_1)
FNDA:2,(anonymous_2)
FNDA:2,(anonymous_3)
FNDA:2,(anonymous_4)
FNDA:2,(anonymous_5)
FNDA:2,(anonymous_6)
DA:4,3
DA:5,38
DA:12,2
DA:20,2
DA:28,2
DA:36,2
DA:44,2
DA:52,2
LF:8
LH:8
BRF:0
BRH:0
end_of_record
TN:
SF:src/services/workspace-service.ts
FN:5,(anonymous_0)
FN:11,(anonymous_1)
FN:19,(anonymous_2)
FN:27,(anonymous_3)
FN:35,(anonymous_4)
FN:43,(anonymous_5)
FN:51,(anonymous_6)
FN:59,(anonymous_7)
FN:67,(anonymous_8)
FN:75,(anonymous_9)
FN:83,(anonymous_10)
FN:94,(anonymous_11)
FN:105,(anonymous_12)
FN:113,(anonymous_13)
FN:120,(anonymous_14)
FNF:15
FNH:15
FNDA:13,(anonymous_0)
FNDA:1,(anonymous_1)
FNDA:1,(anonymous_2)
FNDA:1,(anonymous_3)
FNDA:1,(anonymous_4)
FNDA:1,(anonymous_5)
FNDA:1,(anonymous_6)
FNDA:1,(anonymous_7)
FNDA:1,(anonymous_8)
FNDA:1,(anonymous_9)
FNDA:1,(anonymous_10)
FNDA:2,(anonymous_11)
FNDA:1,(anonymous_12)
FNDA:1,(anonymous_13)
FNDA:1,(anonymous_14)
DA:4,2
DA:5,13
DA:12,1
DA:20,1
DA:28,1
DA:36,1
DA:44,1
DA:52,1
DA:60,1
DA:68,1
DA:76,1
DA:87,1
DA:98,2
DA:106,1
DA:114,1
DA:115,1
DA:119,1
DA:120,1
DA:131,1
LF:19
LH:19
BRDA:114,0,0,1
BRDA:114,0,1,0
BRDA:115,1,0,1
BRDA:115,1,1,0
BRF:4
BRH:2
end_of_record
TN:
SF:src/utils/form-data.ts
FN:5,resolveFormDataConstructor
FN:27,createFormData
FNF:2
FNH:2
FNDA:6,resolveFormDataConstructor
FNDA:6,createFormData
DA:1,13
DA:3,13
DA:6,6
DA:7,2
DA:10,4
DA:11,2
DA:12,2
DA:15,2
DA:17,2
DA:18,2
DA:20,2
DA:21,1
DA:24,2
DA:27,13
DA:28,6
DA:29,6
LF:16
LH:16
BRDA:6,0,0,2
BRDA:10,1,0,2
BRDA:17,2,0,2
BRDA:20,3,0,1
BRF:4
BRH:4
end_of_record
